Log file open, 06/18/17 17:24:46
LogInit:Display: Running engine for game: project_jaji
LogPlatformFile: Not using cached read wrapper
LogInit:Display: RandInit(174377976) SRandInit(174377977).
LogTaskGraph: Started task graph with 4 named threads and 7 total threads with 1 sets of task threads.
LogStats: Stats thread started at 0.073806
LogInit: Version: 4.12.5-3039270+++UE4+Release-4.12
LogInit: API Version: 2992821
LogInit: Net Version: 3039270
LogDevObjectVersion: Number of dev versions registered: 13
LogDevObjectVersion:   Dev-Blueprints (B0D832E4-1F89-4F0D-ACCF-7EB736FD4AA2): 3
LogDevObjectVersion:   Dev-Build (E1C64328-A22C-4D53-A36C-8E866417BD8C): 0
LogDevObjectVersion:   Dev-Core (375EC13C-06E4-48FB-B500-84F0262A717E): 1
LogDevObjectVersion:   Dev-Editor (E4B068ED-F494-42E9-A231-DA0B2E46BB41): 2
LogDevObjectVersion:   Dev-Framework (CFFC743F-43B0-4480-9391-14DF171D2073): 6
LogDevObjectVersion:   Dev-Mobile (B02B49B5-BB20-44E9-A304-32B752E40360): 0
LogDevObjectVersion:   Dev-Networking (A4E4105C-59A1-49B5-A7C5-40C4547EDFEE): 0
LogDevObjectVersion:   Dev-Online (39C831C9-5AE6-47DC-9A44-9C173E1C8E7C): 0
LogDevObjectVersion:   Dev-Physics (78F01B33-EBEA-4F98-B9B4-84EACCB95AA2): 0
LogDevObjectVersion:   Dev-Platform (6631380F-2D4D-43E0-8009-CF276956A95A): 0
LogDevObjectVersion:   Dev-Rendering (12F88B9F-8875-4AFC-A67C-D90C383ABD29): 2
LogDevObjectVersion:   Dev-Sequencer (7B5AE74C-D270-4C10-A958-57980B212A5A): 0
LogDevObjectVersion:   Dev-VR (D7296918-1DD6-4BDD-9DE2-64A83CC13884): 0
LogInit: Compiled (64-bit): Jul  6 2016 09:09:46
LogInit: Compiled with Visual C++: 19.00.23026.00
LogInit: Build Configuration: Development
LogInit: Branch Name: ++UE4+Release-4.12
LogInit: Command line:  -game
LogInit: Base directory: D:/Epic Games/UE_4.12/Engine/Binaries/Win64/
LogInit: Installed Engine Build: 1
LogFileManager:Warning: Error deleting file: C:/Users/koyan/Desktop/리정호/jaji_project2/Saved/Logs/project_jaji.log (Error Code 32)
LogInit: Using libcurl 7.41.0
LogInit:  - built for x86_64-pc-win32
LogInit:  - supports SSL with WinSSL
LogInit:  - other features:
LogInit:      CURL_VERSION_SSL
LogInit:      CURL_VERSION_IPV6
LogInit:      CURL_VERSION_ASYNCHDNS
LogInit:      CURL_VERSION_LARGEFILE
LogInit:      CURL_VERSION_IDN
LogInit:  CurlRequestOptions (configurable via config and command line):
LogInit:  - bVerifyPeer = true  - Libcurl will verify peer certificate
LogInit:  - bUseHttpProxy = false  - Libcurl will NOT use HTTP proxy
LogInit:  - bDontReuseConnections = false  - Libcurl will reuse connections
LogInit:  - CertBundlePath = nullptr  - Libcurl will use whatever was configured at build time.
LogOnline:Display: STEAM: Loading Steam SDK 1.32
LogInit: WinSock: version 1.1 (2.2), MaxSocks=32767, MaxUdp=65467
LogInit: Presizing for max 8388607 objects, including 0 objects not considered by GC, pre-allocating 0 bytes for permanent pool.
LogInit: Object subsystem initialized
[2017.06.18-08.24.46:609][  0]LogInit: Selected Device Profile: [Windows]
[2017.06.18-08.24.46:609][  0]LogInit: Applying CVar settings loaded from the selected device profile: [Windows]
[2017.06.18-08.24.46:623][  0]LogInit: Computer: MUJIBS
[2017.06.18-08.24.46:623][  0]LogInit: User: koyan
[2017.06.18-08.24.46:623][  0]LogInit: CPU Page size=65536, Cores=4
[2017.06.18-08.24.46:623][  0]LogInit: High frequency timer resolution =2.742188 MHz
[2017.06.18-08.24.46:624][  0]LogMemory: Memory total: Physical=15.9GB (16GB approx)
[2017.06.18-08.24.46:624][  0]LogMemory: Platform Memory Stats for Windows
[2017.06.18-08.24.46:624][  0]LogMemory: Process Physical Memory: 233.36 MB used, 233.36 MB peak
[2017.06.18-08.24.46:624][  0]LogMemory: Process Virtual Memory: 219.86 MB used, 219.86 MB peak
[2017.06.18-08.24.46:624][  0]LogMemory: Physical Memory: 6631.80 MB used, 16250.27 MB total
[2017.06.18-08.24.46:624][  0]LogMemory: Virtual Memory: 683.68 MB used, 134217728.00 MB total
[2017.06.18-08.24.46:718][  0]LogTextLocalizationManager: No specific translations for ('ko-KR') exist, so ('ko') translations will be used.
[2017.06.18-08.24.46:756][  0]LogTextLocalizationManager:Warning: Loaded localization resources contain conflicting entries for (Namespace:KismetSchema, Key:Default):
Localization Resource: (D:/Epic Games/UE_4.12/Engine/Content/Localization/EditorTutorials/ko/EditorTutorials.locres) Source String Hash: (940523119) Localized String: (디폴트)
Localization Resource: (D:/Epic Games/UE_4.12/Engine/Content/Localization/Engine/ko/Engine.locres) Source String Hash: (940523119) Localized String: (기본)
[2017.06.18-08.24.46:756][  0]LogTextLocalizationManager:Warning: Loaded localization resources contain conflicting entries for (Namespace:UObjectToolTips, Key:AnimNode_AssetPlayerBase:InternalTimeAccumulator):
Localization Resource: (D:/Epic Games/UE_4.12/Engine/Content/Localization/EditorTutorials/ko/EditorTutorials.locres) Source String Hash: (502993589) Localized String: (이 노드에서 애셋을 레퍼런싱하는 데 사용되는 누적 시간입니다.)
Localization Resource: (D:/Epic Games/UE_4.12/Engine/Content/Localization/Engine/ko/Engine.locres) Source String Hash: (502993589) Localized String: (이 노드에서 애셋을 레퍼런싱하는 데 사용된 누적 시간입니다.)
[2017.06.18-08.24.46:756][  0]LogTextLocalizationManager:Warning: Loaded localization resources contain conflicting entries for (Namespace:UObjectToolTips, Key:AnimNode_AssetPlayerBase:bIgnoreForRelevancyTest):
Localization Resource: (D:/Epic Games/UE_4.12/Engine/Content/Localization/EditorTutorials/ko/EditorTutorials.locres) Source String Hash: (319969718) Localized String: (True 면, 스테이트에서 최고 가중치 애니메이션을 찾는 "Relevant anim" 노드는 이 노드를 무시합니다.
 )
Localization Resource: (D:/Epic Games/UE_4.12/Engine/Content/Localization/Engine/ko/Engine.locres) Source String Hash: (319969718) Localized String: (True 면 스테이트 내 최고 웨이팅된 애니메이션을 찾는 "Relevant anim" 노드가 무시됩니다.
 )
[2017.06.18-08.24.46:756][  0]LogTextLocalizationManager:Warning: Loaded localization resources contain conflicting entries for (Namespace:UObjectToolTips, Key:AnimNode_AssetPlayerBase:BlendWeight):
Localization Resource: (D:/Epic Games/UE_4.12/Engine/Content/Localization/EditorTutorials/ko/EditorTutorials.locres) Source String Hash: (-1232800293) Localized String: (이 노드에 마지막 걸린 블렌드웨이트 입니다.)
Localization Resource: (D:/Epic Games/UE_4.12/Engine/Content/Localization/Engine/ko/Engine.locres) Source String Hash: (-1232800293) Localized String: (이 노드에 대해 마지막 접한 블렌드 웨이트)
[2017.06.18-08.24.46:891][  0]LogD3D11RHI: D3D11 adapters:
[2017.06.18-08.24.46:982][  0]LogD3D11RHI:    0. 'NVIDIA GeForce GTX 1050 Ti' (Feature Level 11_0)
[2017.06.18-08.24.46:982][  0]LogD3D11RHI:       4050/0/8125 MB DedicatedVideo/DedicatedSystem/SharedSystem, Outputs:1, VendorId:0x10de
[2017.06.18-08.24.46:994][  0]LogD3D11RHI:    1. 'Intel(R) HD Graphics 630' (Feature Level 11_0)
[2017.06.18-08.24.46:994][  0]LogD3D11RHI:       128/0/8125 MB DedicatedVideo/DedicatedSystem/SharedSystem, Outputs:0, VendorId:0x8086
[2017.06.18-08.24.46:997][  0]LogD3D11RHI:    2. 'Microsoft Basic Render Driver' (Feature Level 11_0)
[2017.06.18-08.24.46:997][  0]LogD3D11RHI:       0/0/8125 MB DedicatedVideo/DedicatedSystem/SharedSystem, Outputs:0, VendorId:0x1414
[2017.06.18-08.24.46:997][  0]LogD3D11RHI: Chosen D3D11 Adapter: 0
[2017.06.18-08.24.47:005][  0]LogD3D11RHI: Creating new Direct3DDevice
[2017.06.18-08.24.47:006][  0]LogD3D11RHI:     GPU DeviceId: 0x1c8c (for the marketing name, search the web for "GPU Device Id")
[2017.06.18-08.24.47:006][  0]LogWindows: EnumDisplayDevices:
[2017.06.18-08.24.47:006][  0]LogWindows:    0. 'Intel(R) HD Graphics 630' (P:1 D:1)
[2017.06.18-08.24.47:007][  0]LogWindows:    1. 'Intel(R) HD Graphics 630' (P:0 D:0)
[2017.06.18-08.24.47:008][  0]LogWindows:    2. 'Intel(R) HD Graphics 630' (P:0 D:0)
[2017.06.18-08.24.47:009][  0]LogWindows:    3. 'NVIDIA GeForce GTX 1050 Ti' (P:0 D:0)
[2017.06.18-08.24.47:010][  0]LogWindows: DebugString: PrimaryIsNotTheChoosenAdapter PrimaryIsNotTheChoosenAdapter PrimaryIsNotTheChoosenAdapter 
[2017.06.18-08.24.47:010][  0]LogD3D11RHI:     Adapter Name: NVIDIA GeForce GTX 1050 Ti
[2017.06.18-08.24.47:010][  0]LogD3D11RHI:   Driver Version: 382.53 (internal:22.21.13.8253, unified:382.53)
[2017.06.18-08.24.47:010][  0]LogD3D11RHI:      Driver Date: 6-7-2017
[2017.06.18-08.24.47:010][  0]LogRHI: Texture pool is 1361 MB (70% of 1945 MB)
[2017.06.18-08.24.47:043][  0]LogD3D11RHI: Async texture creation enabled
[2017.06.18-08.24.47:053][  0]LogD3D11RHI: GPU Timing Frequency: 1000.000000 (Debug: 2 1)
[2017.06.18-08.24.47:054][  0]LogShaderCompilers: Guid format shader working directory is 5 characters bigger than the processId version (C:/Users/koyan/Desktop/리정호/jaji_project2/Intermediate/Shaders/WorkingDirectory/15288/).
[2017.06.18-08.24.47:054][  0]LogShaderCompilers: Cleaned the shader compiler working directory 'C:/Users/koyan/AppData/Local/Temp/UnrealShaderWorkingDir/755B49E04851EE0D684AA9ADDF664BA6/'.
[2017.06.18-08.24.47:054][  0]LogShaderCompilers:Display: Using Local Shader Compiler.
[2017.06.18-08.24.48:318][  0]LogTemp:Display: Loaded TP WindowsClientTargetPlatform
[2017.06.18-08.24.48:328][  0]LogTemp:Display: Loaded TP WindowsNoEditorTargetPlatform
[2017.06.18-08.24.48:338][  0]LogTemp:Display: Loaded TP WindowsServerTargetPlatform
[2017.06.18-08.24.48:348][  0]LogTemp:Display: Loaded TP WindowsTargetPlatform
[2017.06.18-08.24.48:348][  0]LogTargetPlatformManager:Display: Building Assets For Windows
[2017.06.18-08.24.48:450][  0]LogDerivedDataCache:Display: Max Cache Size: 512 MB
[2017.06.18-08.24.48:502][  0]LogDerivedDataCache: Loaded boot cache 0.05s 47MB C:/Users/koyan/AppData/Local/UnrealEngine/4.12/DerivedDataCache/Boot.ddc.
[2017.06.18-08.24.48:503][  0]LogDerivedDataCache:Display: Loaded Boot cache: C:/Users/koyan/AppData/Local/UnrealEngine/4.12/DerivedDataCache/Boot.ddc
[2017.06.18-08.24.48:503][  0]LogDerivedDataCache: FDerivedDataBackendGraph:  Pak pak cache file C:/Users/koyan/Desktop/리정호/jaji_project2/DerivedDataCache/DDC.ddp not found, will not use a pak cache.
[2017.06.18-08.24.48:503][  0]LogDerivedDataCache: Unable to find inner node Pak for hierarchical cache Hierarchy.
[2017.06.18-08.24.48:503][  0]LogDerivedDataCache: FDerivedDataBackendGraph:  CompressedPak pak cache file C:/Users/koyan/Desktop/리정호/jaji_project2/DerivedDataCache/Compressed.ddp not found, will not use a pak cache.
[2017.06.18-08.24.48:503][  0]LogDerivedDataCache: Unable to find inner node CompressedPak for hierarchical cache Hierarchy.
[2017.06.18-08.24.48:519][  0]LogDerivedDataCache:Display: Pak cache opened for reading ../../../Engine/DerivedDataCache/Compressed.ddp.
[2017.06.18-08.24.48:532][  0]LogDerivedDataCache: Using Local data cache path C:/Users/koyan/AppData/Local/UnrealEngine/Common/DerivedDataCache: Writable
[2017.06.18-08.24.48:963][  0]LogAssetRegistry: FAssetRegistry took 0.0001 seconds to start up
[2017.06.18-08.24.48:999][  0]LogPackageLocalizationCache: Processed 3 localized package path(s) for 2 prioritized culture(s) in 0.036808 seconds
[2017.06.18-08.24.49:004][  0]LogInit: Selected Device Profile: [Windows]
[2017.06.18-08.24.49:005][  0]LogContentStreaming: Texture pool size is 1000.00 MB
[2017.06.18-08.24.49:167][  0]LogMeshUtilities: No automatic mesh reduction module available
[2017.06.18-08.24.49:167][  0]LogMeshUtilities: No automatic mesh merging module available
[2017.06.18-08.24.49:167][  0]LogMeshUtilities: No distributed automatic mesh merging module available
[2017.06.18-08.24.49:591][  0]LogSlate: SlateFontCache - WITH_FREETYPE: 1, WITH_HARFBUZZ: 1
[2017.06.18-08.24.49:591][  0]LogSlate: SlateFontCache - WITH_FREETYPE: 1, WITH_HARFBUZZ: 1
[2017.06.18-08.24.49:710][  0]LogMoviePlayer: Initializing movie player
[2017.06.18-08.24.49:884][  0]LogWindowsMoviePlayer: Unable to load movie: C:/Users/koyan/Desktop/리정호/jaji_project2/Content/Movies/Default_Startup.mp4
[2017.06.18-08.24.50:039][  0]SourceControl: 정보 소스 콘트롤이 꺼졌습니다.
[2017.06.18-08.24.50:040][  0]SourceControl: 정보 소스 콘트롤이 꺼졌습니다.
[2017.06.18-08.24.50:064][  0]SourceControl: 정보 소스 콘트롤이 꺼졌습니다.
[2017.06.18-08.24.50:277][  0]LogUObjectArray: 30992 objects as part of root set at end of initial load.
[2017.06.18-08.24.50:278][  0]LogUObjectAllocator: 6930712 out of 0 bytes used by permanent object pool.
[2017.06.18-08.24.50:278][  0]LogUObjectArray: CloseDisregardForGC: 0/0 objects in disregard for GC pool
[2017.06.18-08.24.50:352][  0]LogEngine: Initializing Engine...
[2017.06.18-08.24.50:356][  0]LogHMD: SteamVR failed to initialize.  Err: 110
[2017.06.18-08.24.50:358][  0]LogHMD: SteamVR failed to initialize.  Err: 110
[2017.06.18-08.24.50:527][  0]LogInit: XAudio2 using '스피커 / 헤드폰(Realtek Audio)' : 2 channels at 48 kHz using 32 bits per sample (channel mask 0x3)
[2017.06.18-08.24.50:654][  0]LogInit: FAudioDevice initialized.
[2017.06.18-08.24.50:709][  0]LogDerivedDataCache: Saved boot cache 0.05s 47MB C:/Users/koyan/AppData/Local/UnrealEngine/4.12/DerivedDataCache/Boot.ddc.
[2017.06.18-08.24.50:716][  0]LogInit: Texture streaming: Enabled
[2017.06.18-08.24.51:216][  0]LogNet: Browse: /Game/Maps/MainMenu?Name=Player
[2017.06.18-08.24.51:216][  0]LogLoad: LoadMap: /Game/Maps/MainMenu?Name=Player
[2017.06.18-08.24.51:258][  0]LogMemory: Platform Memory Stats for Windows
[2017.06.18-08.24.51:258][  0]LogMemory: Process Physical Memory: 574.85 MB used, 596.33 MB peak
[2017.06.18-08.24.51:258][  0]LogMemory: Process Virtual Memory: 603.54 MB used, 603.55 MB peak
[2017.06.18-08.24.51:258][  0]LogMemory: Physical Memory: 6985.59 MB used, 16250.27 MB total
[2017.06.18-08.24.51:258][  0]LogMemory: Virtual Memory: 1308.06 MB used, 134217728.00 MB total
[2017.06.18-08.24.51:258][  0]LogMemory: 
[2017.06.18-08.24.51:258][  0]Allocator Stats for TBB: (not implemented)
[2017.06.18-08.24.51:279][  0]LogAIModule: Creating AISystem for world MainMenu
[2017.06.18-08.24.51:345][  0]LogBlueprint:Warning: Compiler 경고 입력 축 이벤트가  TurnRate 입력 축  에 대한 미확인 'TurnRate' 축을 레퍼런싱합니다.
[2017.06.18-08.24.51:345][  0]LogBlueprint:Warning: Compiler 경고 입력 축 이벤트가  MoveRight 입력 축  에 대한 미확인 'MoveRight' 축을 레퍼런싱합니다.
[2017.06.18-08.24.51:345][  0]LogBlueprint:Warning: Compiler 경고 입력 축 이벤트가  Turn 입력 축  에 대한 미확인 'Turn' 축을 레퍼런싱합니다.
[2017.06.18-08.24.51:345][  0]LogBlueprint:Warning: Compiler 경고 입력 축 이벤트가  LookUp 입력 축  에 대한 미확인 'LookUp' 축을 레퍼런싱합니다.
[2017.06.18-08.24.51:348][  0]LogBlueprint:Warning: Compiler 경고 [0005.92] ThirdPersonCharacter 컴파일에 성공했습니다만, 경고가 4 회 있습니다. [소요시간 5 ms] (/Game/ThirdPersonBP/Blueprints/ThirdPersonCharacter.ThirdPersonCharacter)
[2017.06.18-08.24.51:348][  0]LogBlueprint:Warning: Compiler 경고 [0005.92] ThirdPersonCharacter 컴파일에 성공했습니다만, 경고가 5 회 있습니다. [소요시간 0 ms] (/Game/ThirdPersonBP/Blueprints/ThirdPersonCharacter.ThirdPersonCharacter)
[2017.06.18-08.24.51:348][  0]LogBlueprint:Warning: Compiler 경고 [0005.92] ThirdPersonCharacter 컴파일에 성공했습니다만, 경고가 6 회 있습니다. [소요시간 0 ms] (/Game/ThirdPersonBP/Blueprints/ThirdPersonCharacter.ThirdPersonCharacter)
[2017.06.18-08.24.51:360][  0]LogBlueprint:Warning: Compiler 경고 입력 축 이벤트가  TurnRate 입력 축  에 대한 미확인 'TurnRate' 축을 레퍼런싱합니다.
[2017.06.18-08.24.51:360][  0]LogBlueprint:Warning: Compiler 경고 입력 축 이벤트가  MoveRight 입력 축  에 대한 미확인 'MoveRight' 축을 레퍼런싱합니다.
[2017.06.18-08.24.51:361][  0]LogBlueprint:Warning: Compiler 경고 입력 축 이벤트가  Turn 입력 축  에 대한 미확인 'Turn' 축을 레퍼런싱합니다.
[2017.06.18-08.24.51:361][  0]LogBlueprint:Warning: Compiler 경고 입력 축 이벤트가  LookUp 입력 축  에 대한 미확인 'LookUp' 축을 레퍼런싱합니다.
[2017.06.18-08.24.51:363][  0]LogBlueprint:Warning: Compiler 경고 [0005.94] ThirdPersonCharacter 컴파일에 성공했습니다만, 경고가 4 회 있습니다. [소요시간 6 ms] (/Game/ThirdPersonBP/Blueprints/ThirdPersonCharacter.ThirdPersonCharacter)
[2017.06.18-08.24.51:363][  0]LogBlueprint:Warning: Compiler 경고 [0005.94] ThirdPersonCharacter 컴파일에 성공했습니다만, 경고가 5 회 있습니다. [소요시간 0 ms] (/Game/ThirdPersonBP/Blueprints/ThirdPersonCharacter.ThirdPersonCharacter)
[2017.06.18-08.24.51:363][  0]LogBlueprint:Warning: Compiler 경고 [0005.94] ThirdPersonCharacter 컴파일에 성공했습니다만, 경고가 6 회 있습니다. [소요시간 0 ms] (/Game/ThirdPersonBP/Blueprints/ThirdPersonCharacter.ThirdPersonCharacter)
[2017.06.18-08.24.51:448][  0]LogWorld: Game class is 'ThirdPersonGameMode_C'
[2017.06.18-08.24.51:450][  0]LogWorld: Bringing World /Game/Maps/MainMenu.MainMenu up for play (max tick rate 0) at 2017.06.18-17.24.51
[2017.06.18-08.24.51:450][  0]LogWorld: Bringing up level for play took: 0.001268
[2017.06.18-08.24.51:453][  0]LogGameMode: Warning - PATHS NOT DEFINED or NO PLAYERSTART with positive rating
[2017.06.18-08.24.51:459][  0]LogLoad: Took 0.242179 seconds to LoadMap(/Game/Maps/MainMenu)
[2017.06.18-08.24.51:459][  0]LogInit:Display: Game Engine Initialized.
[2017.06.18-08.24.51:699][  0]LogLoad: Full Startup: 6.27 seconds (BP compile: 0.20 seconds)
[2017.06.18-08.24.51:699][  0]LogExternalProfiler: No external profilers were discovered.  External profiling features will not be available.
[2017.06.18-08.24.51:722][  0]LogWindowsTextInputMethodSystem:Display: IME system now activated using TSF (Microsoft 입력기).
[2017.06.18-08.24.51:726][  0]LogOcInput: OculusInput pre-init called
[2017.06.18-08.24.51:835][  2]LogRenderer: Reallocating scene render targets to support 1280x720 (Frame:2).
[2017.06.18-08.27.55:854][387]LogPackageName: SearchForPackageOnDisk took   0.150s to resolve Lobby.umap.
[2017.06.18-08.27.55:997][387]LogPackageName: SearchForPackageOnDisk took   0.142s to resolve Lobby.umap.
[2017.06.18-08.27.55:997][387]LogNet: Browse: /Game/Maps/Lobby?listen
[2017.06.18-08.27.55:997][387]LogLoad: LoadMap: /Game/Maps/Lobby?listen
[2017.06.18-08.27.56:017][387]LogMemory: Platform Memory Stats for Windows
[2017.06.18-08.27.56:017][387]LogMemory: Process Physical Memory: 611.21 MB used, 625.35 MB peak
[2017.06.18-08.27.56:017][387]LogMemory: Process Virtual Memory: 808.93 MB used, 830.16 MB peak
[2017.06.18-08.27.56:017][387]LogMemory: Physical Memory: 7042.36 MB used, 16250.27 MB total
[2017.06.18-08.27.56:017][387]LogMemory: Virtual Memory: 1518.69 MB used, 134217728.00 MB total
[2017.06.18-08.27.56:017][387]LogMemory: 
[2017.06.18-08.27.56:017][387]Allocator Stats for TBB: (not implemented)
[2017.06.18-08.27.57:607][387]LogAIModule: Creating AISystem for world Lobby
[2017.06.18-08.27.57:608][387]LogWorld: Game class is 'LobbyGM_C'
[2017.06.18-08.27.57:609][387]LogNet:Display: SteamNetDriver_0 bound to port 7777
[2017.06.18-08.27.57:609][387]PacketHandlerLog: Loaded PacketHandler component: Engine.EngineHandlerComponentFactory (StatelessConnectHandlerComponent)
[2017.06.18-08.27.57:609][387]LogNet: GameNetDriver SteamNetDriver_0 IpNetDriver listening on port 7777
[2017.06.18-08.27.57:611][387]LogWorld: Bringing World /Game/Maps/Lobby.Lobby up for play (max tick rate 0) at 2017.06.18-17.27.57
[2017.06.18-08.27.57:612][387]LogWorld: Bringing up level for play took: 0.002005
[2017.06.18-08.27.57:629][387]LogOnline:Warning: STEAM: Can't start an online session (Game) in state InProgress
[2017.06.18-08.27.57:630][387]LogLoad: Took 1.632361 seconds to LoadMap(/Game/Maps/Lobby)
[2017.06.18-08.28.20:436][800]LogNet: NotifyAcceptingConnection: Server Lobby accept
[2017.06.18-08.28.20:436][800]LogHandshake: SendConnectChallenge. Timestamp: 24.937931, Cookie: 216078071228029246237024233226202135051074208049145033021000
[2017.06.18-08.28.20:436][800]LogNet: NotifyAcceptingConnection: Server Lobby accept
[2017.06.18-08.28.20:436][800]LogHandshake: SendConnectChallenge. Timestamp: 24.937931, Cookie: 216078071228029246237024233226202135051074208049145033021000
[2017.06.18-08.28.20:500][804]LogNet: NotifyAcceptingConnection: Server Lobby accept
[2017.06.18-08.28.20:500][804]LogNet: Server accepting post-challenge connection from: 76561197988704166:7777
[2017.06.18-08.28.20:500][804]PacketHandlerLog: Loaded PacketHandler component: Engine.EngineHandlerComponentFactory (StatelessConnectHandlerComponent)
[2017.06.18-08.28.20:500][804]LogNet: NotifyAcceptedConnection: Name: Lobby, TimeStamp: 06/18/17 17:28:20, [UNetConnection] RemoteAddr: 76561197988704166:7777, Name: SteamNetConnection_0, Driver: GameNetDriver SteamNetDriver_0, IsServer: YES, PC: NULL, Owner: NULL
[2017.06.18-08.28.20:500][804]LogNet: AddClientConnection: Added client connection: [UNetConnection] RemoteAddr: 76561197988704166:7777, Name: SteamNetConnection_0, Driver: GameNetDriver SteamNetDriver_0, IsServer: YES, PC: NULL, Owner: NULL
[2017.06.18-08.28.20:661][814]LogNet: NotifyAcceptingChannel Control 0 server World /Game/Maps/Lobby.Lobby: Accepted
[2017.06.18-08.28.20:661][814]LogNet: Remote platform little endian=1
[2017.06.18-08.28.20:661][814]LogNet: This platform little endian=1
[2017.06.18-08.28.20:661][814]LogNet: GetLocalNetworkVersion: GEngineNetVersion: 3039270, ProjectName: project_jaji, ProjectVersion: 1.0.0.0, InternalProtocolVersion: 9, LocalNetworkVersion: 1632037971
[2017.06.18-08.28.20:709][817]LogNet: Login request: /Game/Maps/MainMenu?Name=사다완 userId: 76561197988704166
[2017.06.18-08.28.20:774][821]LogNet: Client netspeed is 10000
[2017.06.18-08.28.25:468][112]LogNet: Join request: /Game/Maps/MainMenu?Name=사다완?SplitscreenCount=1
[2017.06.18-08.28.25:474][112]LogNet: Join succeeded: 사다완
[2017.06.18-08.28.25:968][143]LogNetPackageMap:Warning: GetObjectFromNetGUID: Server re-loading object (might have been GC'd). FullNetGUIDPath: [8]EMPTY
[2017.06.18-08.28.34:140][649]LogGameMode: ProcessServerTravel: /Game/Maps/Arena01
[2017.06.18-08.28.34:140][649]LogWorld: SeamlessTravel to: /Game/Maps/Arena01
[2017.06.18-08.28.34:220][650]LogAIModule: Creating AISystem for world TravelMap
[2017.06.18-08.28.34:221][650]LogStats:     SeamlessTravel FlushLevelStreaming  -  0.001 s
[2017.06.18-08.28.34:221][650]LogWorld: Bringing World /Game/Maps/TravelMap.TravelMap up for play (max tick rate 0) at 2017.06.18-17.28.34
[2017.06.18-08.28.34:222][650]LogWorld: Bringing up level for play took: 0.000509
[2017.06.18-08.28.34:222][650]LogWorld: Sending NotifyLoadedWorld for LP: LocalPlayer_0 PC: LobbyPC_C_0
[2017.06.18-08.28.34:222][650]LogNet:Verbose: NotifyLoadedWorld Begin
[2017.06.18-08.28.34:222][650]LogNet:VeryVerbose: GetFunctionCallspace Server calling Server function: ServerNotifyLoadedWorld Local
[2017.06.18-08.28.34:222][650]LogNet:Verbose: NotifyLoadedWorld End
[2017.06.18-08.28.34:222][650]LogWorld: StartLoadingDestination to: /Game/Maps/Arena01
[2017.06.18-08.28.34:523][657]LogAIModule: Creating AISystem for world Arena01
[2017.06.18-08.28.34:523][657]LogWorld: Game class is 'GameplayGM_C'
[2017.06.18-08.28.34:524][657]LogStats:     SeamlessTravel FlushLevelStreaming  -  0.001 s
[2017.06.18-08.28.34:527][657]LogWorld: Bringing World /Game/Maps/Arena01.Arena01 up for play (max tick rate 0) at 2017.06.18-17.28.34
[2017.06.18-08.28.34:528][657]LogWorld: Bringing up level for play took: 0.003455
[2017.06.18-08.28.34:528][657]LogWorld: Sending NotifyLoadedWorld for LP: LocalPlayer_0 PC: LobbyPC_C_0
[2017.06.18-08.28.34:528][657]LogNet:Verbose: NotifyLoadedWorld Begin
[2017.06.18-08.28.34:528][657]LogNet:VeryVerbose: GetFunctionCallspace Server calling Server function: ServerNotifyLoadedWorld Local
[2017.06.18-08.28.34:528][657]LogNet:Verbose: NotifyLoadedWorld End
[2017.06.18-08.28.34:528][657]LogWorld: ----SeamlessTravel finished in 0.39 seconds ------
[2017.06.18-08.28.34:528][657]LogGameMode: >> GameMode::HandleSeamlessTravelPlayer: LobbyPC_C_0 
[2017.06.18-08.28.34:529][657]LogGameMode: << GameMode::HandleSeamlessTravelPlayer: GameplayPC_C_0
[2017.06.18-08.28.34:529][657]LogOnline:Warning: STEAM: Can't start an online session (Game) in state InProgress
[2017.06.18-08.28.35:386][706]LogGameMode: >> GameMode::HandleSeamlessTravelPlayer: LobbyPC_C_1 
[2017.06.18-08.28.35:389][706]LogGameMode: << GameMode::HandleSeamlessTravelPlayer: GameplayPC_C_1
[2017.06.18-08.28.35:499][713]LogScriptCore:Warning: DestroySession - Invalid player state

[2017.06.18-08.28.35:644][722]LogNetPackageMap:Warning: GetObjectFromNetGUID: Server re-loading object (might have been GC'd). FullNetGUIDPath: [30]EMPTY
[2017.06.18-08.28.53:839][850]LogBlueprintUserMessages: [Barbarous_C_0] live
[2017.06.18-08.28.58:146][117]LogBlueprintUserMessages: [Forge_C_0] live
[2017.06.18-08.28.58:178][119]LogBlueprintUserMessages: [Forge_C_0] live
[2017.06.18-08.28.59:049][173]LogBlueprintUserMessages: [Barbarous_C_0] live
[2017.06.18-08.29.08:066][732]LogBlueprintUserMessages: [Forge_C_0] live
[2017.06.18-08.29.13:549][ 72]LogBlueprintUserMessages: [Forge_C_0] live
[2017.06.18-08.29.17:631][325]LogBlueprintUserMessages: [Forge_C_0] live
[2017.06.18-08.29.17:647][326]LogBlueprintUserMessages: [Forge_C_0] live
[2017.06.18-08.29.18:940][406]LogBlueprintUserMessages: [Barbarous_C_0] live
[2017.06.18-08.29.25:567][817]LogBlueprintUserMessages: [Barbarous_C_0] live
[2017.06.18-08.29.29:084][ 35]LogBlueprintUserMessages: [Forge_C_0] live
[2017.06.18-08.29.29:101][ 36]LogBlueprintUserMessages: [Forge_C_0] live
[2017.06.18-08.29.30:842][144]LogBlueprintUserMessages: [Barbarous_C_0] dead
[2017.06.18-08.29.52:166][466]LogBlueprintUserMessages: [Forge_C_0] live
[2017.06.18-08.29.52:182][467]LogBlueprintUserMessages: [Forge_C_0] live
[2017.06.18-08.29.54:408][605]LogBlueprintUserMessages: [Forge_C_0] live
[2017.06.18-08.29.54:424][606]LogBlueprintUserMessages: [Forge_C_0] live
[2017.06.18-08.29.54:440][607]LogBlueprintUserMessages: [Forge_C_0] live
[2017.06.18-08.29.54:456][608]LogBlueprintUserMessages: [Forge_C_0] live
[2017.06.18-08.29.54:473][609]LogBlueprintUserMessages: [Forge_C_0] live
[2017.06.18-08.29.54:489][610]LogBlueprintUserMessages: [Forge_C_0] live
[2017.06.18-08.29.54:505][611]LogBlueprintUserMessages: [Forge_C_0] live
[2017.06.18-08.29.54:521][612]LogBlueprintUserMessages: [Forge_C_0] live
[2017.06.18-08.29.54:538][613]LogBlueprintUserMessages: [Forge_C_0] live
[2017.06.18-08.29.54:554][614]LogBlueprintUserMessages: [Forge_C_0] live
[2017.06.18-08.29.54:571][615]LogBlueprintUserMessages: [Forge_C_0] live
[2017.06.18-08.29.54:587][616]LogBlueprintUserMessages: [Forge_C_0] live
[2017.06.18-08.29.54:603][617]LogBlueprintUserMessages: [Forge_C_0] live
[2017.06.18-08.29.54:618][618]LogBlueprintUserMessages: [Forge_C_0] live
[2017.06.18-08.29.54:634][619]LogBlueprintUserMessages: [Forge_C_0] live
[2017.06.18-08.29.54:650][620]LogBlueprintUserMessages: [Forge_C_0] live
[2017.06.18-08.29.54:666][621]LogBlueprintUserMessages: [Forge_C_0] live
[2017.06.18-08.29.54:682][622]LogBlueprintUserMessages: [Forge_C_0] live
[2017.06.18-08.29.54:698][623]LogBlueprintUserMessages: [Forge_C_0] live
[2017.06.18-08.29.54:715][624]LogBlueprintUserMessages: [Forge_C_0] live
[2017.06.18-08.29.54:731][625]LogBlueprintUserMessages: [Forge_C_0] live
[2017.06.18-08.29.54:747][626]LogBlueprintUserMessages: [Forge_C_0] live
[2017.06.18-08.29.54:763][627]LogBlueprintUserMessages: [Forge_C_0] live
[2017.06.18-08.29.54:779][628]LogBlueprintUserMessages: [Forge_C_0] live
[2017.06.18-08.29.54:795][629]LogBlueprintUserMessages: [Forge_C_0] live
[2017.06.18-08.29.54:811][630]LogBlueprintUserMessages: [Forge_C_0] live
[2017.06.18-08.29.54:827][631]LogBlueprintUserMessages: [Forge_C_0] live
[2017.06.18-08.29.58:360][850]LogBlueprintUserMessages: [Forge_C_0] live
[2017.06.18-08.29.58:376][851]LogBlueprintUserMessages: [Forge_C_0] live
[2017.06.18-08.29.58:440][855]LogBlueprintUserMessages: [Forge_C_0] live
[2017.06.18-08.29.58:457][856]LogBlueprintUserMessages: [Forge_C_0] live
[2017.06.18-08.29.59:555][924]LogBlueprintUserMessages: [Forge_C_0] live
[2017.06.18-08.29.59:572][925]LogBlueprintUserMessages: [Forge_C_0] live
[2017.06.18-08.29.59:909][946]LogBlueprintUserMessages: [Forge_C_0] live
[2017.06.18-08.29.59:925][947]LogBlueprintUserMessages: [Forge_C_0] live
[2017.06.18-08.30.00:022][953]LogBlueprintUserMessages: [Forge_C_0] live
[2017.06.18-08.30.00:039][954]LogBlueprintUserMessages: [Forge_C_0] live
[2017.06.18-08.30.01:393][ 38]LogBlueprintUserMessages: [Forge_C_0] live
[2017.06.18-08.30.01:409][ 39]LogBlueprintUserMessages: [Forge_C_0] live
[2017.06.18-08.30.01:425][ 40]LogBlueprintUserMessages: [Forge_C_0] live
[2017.06.18-08.30.01:441][ 41]LogBlueprintUserMessages: [Forge_C_0] live
[2017.06.18-08.30.01:457][ 42]LogBlueprintUserMessages: [Forge_C_0] live
[2017.06.18-08.30.01:473][ 43]LogBlueprintUserMessages: [Forge_C_0] live
[2017.06.18-08.30.01:490][ 44]LogBlueprintUserMessages: [Forge_C_0] live
[2017.06.18-08.30.03:958][197]LogBlueprintUserMessages: [Forge_C_0] live
[2017.06.18-08.30.03:974][198]LogBlueprintUserMessages: [Forge_C_0] live
[2017.06.18-08.30.05:280][279]LogBlueprintUserMessages: [Forge_C_0] live
[2017.06.18-08.30.05:312][281]LogBlueprintUserMessages: [Forge_C_0] live
[2017.06.18-08.30.05:328][282]LogBlueprintUserMessages: [Forge_C_0] live
[2017.06.18-08.30.10:409][597]LogBlueprintUserMessages: [Forge_C_0] live
[2017.06.18-08.30.21:459][282]LogNet: UChannel::ReceivedSequencedBunch: Bunch.bClose == true. ChIndex == 0. Calling ConditionalCleanUp.
[2017.06.18-08.30.21:459][282]LogNet: UChannel::CleanUp: ChIndex == 0. Closing connection. [UChannel] ChIndex: 0, Closing: 0 [UNetConnection] RemoteAddr: 76561197988704166:7777, Name: SteamNetConnection_0, Driver: GameNetDriver SteamNetDriver_0, IsServer: YES, PC: GameplayPC_C_1, Owner: GameplayPC_C_1
[2017.06.18-08.30.21:459][282]LogNet: UNetConnection::Close: [UNetConnection] RemoteAddr: 76561197988704166:7777, Name: SteamNetConnection_0, Driver: GameNetDriver SteamNetDriver_0, IsServer: YES, PC: GameplayPC_C_1, Owner: GameplayPC_C_1, Channels: 15, Time: 2017.06.18-08.30.21
[2017.06.18-08.30.21:459][282]LogNet: UChannel::Close: Sending CloseBunch. ChIndex == 0. Name: [UChannel] ChIndex: 0, Closing: 0 [UNetConnection] RemoteAddr: 76561197988704166:7777, Name: SteamNetConnection_0, Driver: GameNetDriver SteamNetDriver_0, IsServer: YES, PC: GameplayPC_C_1, Owner: GameplayPC_C_1
[2017.06.18-08.30.21:640][294]LogScriptCore:Warning: DestroySessionCallback - Invalid player state

[2017.06.18-08.30.24:132][440]LogWindowsTextInputMethodSystem:Display: IME system now activated using TSF (Microsoft 입력기).
[2017.06.18-08.30.24:138][440]LogOnline:Warning: STEAM: Can't destroy a null online session (Game)
[2017.06.18-08.30.24:139][440]LogScriptCore:Warning: DestroySessionCallback - Invalid player state

[2017.06.18-08.30.24:139][440]LogOnline:Warning: STEAM: No game present to leave for session (Game)
[2017.06.18-08.30.24:140][440]LogEngine: All Windows Closed
[2017.06.18-08.30.24:140][440]LogWindows: FPlatformMisc::RequestExit(0)
[2017.06.18-08.30.24:140][441]LogMoviePlayer: Shutting down movie player
[2017.06.18-08.30.24:503][441]LogNet: World NetDriver shutdown SteamNetDriver_0 [GameNetDriver]
[2017.06.18-08.30.24:503][441]LogNet: DestroyNamedNetDriver SteamNetDriver_0 [GameNetDriver]
[2017.06.18-08.30.24:503][441]LogExit: GameNetDriver SteamNetDriver_0 shut down
[2017.06.18-08.30.24:526][441]LogExit: Preparing to exit.
[2017.06.18-08.30.24:614][441]LogExit: Game engine shut down
[2017.06.18-08.30.24:714][441]LogObj: Freed 0b from 0 cluster array pools.
[2017.06.18-08.30.24:714][441]LogExit: Object subsystem successfully closed.
[2017.06.18-08.30.24:731][441]LogD3D11RHI: Shutdown
[2017.06.18-08.30.24:731][441]LogD3D11RHI: CleanupD3DDevice
[2017.06.18-08.30.24:821][441]LogD3D11RHI: ~FD3D11DynamicRHI
[2017.06.18-08.30.24:839][441]LogModuleManager: Shutting down and abandoning module SequenceRecorderSections (113)
[2017.06.18-08.30.24:839][441]LogModuleManager: Shutting down and abandoning module SequenceRecorder (112)
[2017.06.18-08.30.24:839][441]LogModuleManager: Shutting down and abandoning module AutomationController (111)
[2017.06.18-08.30.24:839][441]LogModuleManager: Shutting down and abandoning module AutomationWorker (110)
[2017.06.18-08.30.24:839][441]LogModuleManager: Shutting down and abandoning module CharacterAI (109)
[2017.06.18-08.30.24:839][441]LogModuleManager: Shutting down and abandoning module SessionServices (108)
[2017.06.18-08.30.24:839][441]LogModuleManager: Shutting down and abandoning module GameplayDebugger (107)
[2017.06.18-08.30.24:839][441]LogModuleManager: Shutting down and abandoning module AITestSuite (106)
[2017.06.18-08.30.24:839][441]LogModuleManager: Shutting down and abandoning module AIModule (105)
[2017.06.18-08.30.24:839][441]LogModuleManager: Shutting down and abandoning module MovieSceneCapture (104)
[2017.06.18-08.30.24:839][441]LogModuleManager: Shutting down and abandoning module StreamingPauseRendering (103)
[2017.06.18-08.30.24:839][441]LogModuleManager: Shutting down and abandoning module PortalServices (102)
[2017.06.18-08.30.24:839][441]LogModuleManager: Shutting down and abandoning module PortalRpc (101)
[2017.06.18-08.30.24:839][441]LogModuleManager: Shutting down and abandoning module MessagingRpc (100)
[2017.06.18-08.30.24:839][441]LogModuleManager: Shutting down and abandoning module ProfilerService (99)
[2017.06.18-08.30.25:048][441]LogModuleManager: Shutting down and abandoning module TaskGraph (98)
[2017.06.18-08.30.25:048][441]LogModuleManager: Shutting down and abandoning module SlateRemote (97)
[2017.06.18-08.30.25:048][441]LogModuleManager: Shutting down and abandoning module SteamVRController (96)
[2017.06.18-08.30.25:048][441]LogModuleManager: Shutting down and abandoning module SteamVR (95)
[2017.06.18-08.30.25:048][441]LogModuleManager: Shutting down and abandoning module ProceduralMeshComponent (94)
[2017.06.18-08.30.25:048][441]LogModuleManager: Shutting down and abandoning module OculusLibrary (93)
[2017.06.18-08.30.25:048][441]LogModuleManager: Shutting down and abandoning module OculusInput (92)
[2017.06.18-08.30.25:048][441]LogModuleManager: Shutting down and abandoning module CustomMeshComponent (91)
[2017.06.18-08.30.25:048][441]LogModuleManager: Shutting down and abandoning module CableComponent (90)
[2017.06.18-08.30.25:048][441]LogModuleManager: Shutting down and abandoning module ArchVisCharacter (89)
[2017.06.18-08.30.25:048][441]LogModuleManager: Shutting down and abandoning module HTML5Networking (88)
[2017.06.18-08.30.25:048][441]LogModuleManager: Shutting down and abandoning module DesktopPlatform (87)
[2017.06.18-08.30.25:048][441]LogModuleManager: Shutting down and abandoning module DirectoryWatcher (86)
[2017.06.18-08.30.25:048][441]LogModuleManager: Shutting down and abandoning module HotReload (85)
[2017.06.18-08.30.25:048][441]LogModuleManager: Shutting down and abandoning module VisualStudioSourceCodeAccess (84)
[2017.06.18-08.30.25:048][441]LogModuleManager: Shutting down and abandoning module UObjectPlugin (83)
[2017.06.18-08.30.25:048][441]LogModuleManager: Shutting down and abandoning module SubversionSourceControl (82)
[2017.06.18-08.30.25:048][441]LogModuleManager: Shutting down and abandoning module SourceControl (81)
[2017.06.18-08.30.25:048][441]LogModuleManager: Shutting down and abandoning module PerforceSourceControl (80)
[2017.06.18-08.30.25:048][441]LogModuleManager: Shutting down and abandoning module UdpMessaging (79)
[2017.06.18-08.30.25:048][441]LogModuleManager: Shutting down and abandoning module LightPropagationVolumeRuntime (78)
[2017.06.18-08.30.25:048][441]LogModuleManager: Shutting down and abandoning module Paper2D (77)
[2017.06.18-08.30.25:048][441]LogModuleManager: Shutting down and abandoning module WindowsMoviePlayer (76)
[2017.06.18-08.30.25:048][441]LogModuleManager: Shutting down and abandoning module Media (75)
[2017.06.18-08.30.25:048][441]LogModuleManager: Shutting down and abandoning module WmfMedia (74)
[2017.06.18-08.30.25:048][441]LogModuleManager: Shutting down and abandoning module MediaAssets (73)
[2017.06.18-08.30.25:048][441]LogModuleManager: Shutting down and abandoning module GameLiveStreaming (72)
[2017.06.18-08.30.25:048][441]LogModuleManager: Shutting down and abandoning module GameplayTagsEditor (71)
[2017.06.18-08.30.25:048][441]LogModuleManager: Shutting down and abandoning module OnlineBlueprintSupport (70)
[2017.06.18-08.30.25:048][441]LogModuleManager: Shutting down and abandoning module VREditor (69)
[2017.06.18-08.30.25:048][441]LogModuleManager: Shutting down and abandoning module GameplayTasksEditor (68)
[2017.06.18-08.30.25:048][441]LogModuleManager: Shutting down and abandoning module PropertyEditor (67)
[2017.06.18-08.30.25:048][441]LogModuleManager: Shutting down and abandoning module BehaviorTreeEditor (66)
[2017.06.18-08.30.25:048][441]LogModuleManager: Shutting down and abandoning module FunctionalTesting (65)
[2017.06.18-08.30.25:048][441]LogModuleManager: Shutting down and abandoning module CollisionAnalyzer (64)
[2017.06.18-08.30.25:048][441]LogModuleManager: Shutting down and abandoning module Sequencer (63)
[2017.06.18-08.30.25:048][441]LogModuleManager: Shutting down and abandoning module WorkspaceMenuStructure (62)
[2017.06.18-08.30.25:048][441]LogModuleManager: Shutting down and abandoning module MessageLog (61)
[2017.06.18-08.30.25:048][441]LogModuleManager: Shutting down and abandoning module AssetTools (60)
[2017.06.18-08.30.25:048][441]LogModuleManager: Shutting down and abandoning module UMGEditor (59)
[2017.06.18-08.30.25:049][441]LogModuleManager: Shutting down and abandoning module UMG (58)
[2017.06.18-08.30.25:049][441]LogModuleManager: Shutting down and abandoning module SlateReflector (57)
[2017.06.18-08.30.25:049][441]LogModuleManager: Shutting down and abandoning module Slate (56)
[2017.06.18-08.30.25:049][441]LogModuleManager: Shutting down and abandoning module EditorStyle (55)
[2017.06.18-08.30.25:052][441]LogModuleManager: Shutting down and abandoning module Messaging (54)
[2017.06.18-08.30.25:052][441]LogModuleManager: Shutting down and abandoning module SourceCodeAccess (53)
[2017.06.18-08.30.25:052][441]LogModuleManager: Shutting down and abandoning module HeadMountedDisplay (52)
[2017.06.18-08.30.25:052][441]LogModuleManager: Shutting down and abandoning module XAudio2 (51)
[2017.06.18-08.30.25:052][441]LogModuleManager: Shutting down and abandoning module Networking (50)
[2017.06.18-08.30.25:052][441]LogModuleManager: Shutting down and abandoning module Core (49)
[2017.06.18-08.30.25:052][441]LogModuleManager: Shutting down and abandoning module KismetCompiler (48)
[2017.06.18-08.30.25:052][441]LogModuleManager: Shutting down and abandoning module PhysXFormats (47)
[2017.06.18-08.30.25:052][441]LogModuleManager: Shutting down and abandoning module MeshUtilities (46)
[2017.06.18-08.30.25:052][441]LogModuleManager: Shutting down and abandoning module AssetRegistry (45)
[2017.06.18-08.30.25:052][441]LogModuleManager: Shutting down and abandoning module DerivedDataCache (44)
[2017.06.18-08.30.25:116][441]LogDerivedDataCache: Shutdown
[2017.06.18-08.30.25:116][441]LogModuleManager: Shutting down and abandoning module VulkanShaderFormat (43)
[2017.06.18-08.30.25:116][441]LogModuleManager: Shutting down and abandoning module ShaderFormatOpenGL (42)
[2017.06.18-08.30.25:116][441]LogModuleManager: Shutting down and abandoning module ShaderFormatD3D (41)
[2017.06.18-08.30.25:116][441]LogModuleManager: Shutting down and abandoning module MetalShaderFormat (40)
[2017.06.18-08.30.25:116][441]LogModuleManager: Shutting down and abandoning module TextureFormatUncompressed (39)
[2017.06.18-08.30.25:116][441]LogModuleManager: Shutting down and abandoning module TextureFormatPVR (38)
[2017.06.18-08.30.25:116][441]LogModuleManager: Shutting down and abandoning module TextureFormatIntelISPCTexComp (37)
[2017.06.18-08.30.25:116][441]LogModuleManager: Shutting down and abandoning module TextureFormatDXT (36)
[2017.06.18-08.30.25:116][441]LogModuleManager: Shutting down and abandoning module ImageWrapper (35)
[2017.06.18-08.30.25:116][441]LogModuleManager: Shutting down and abandoning module TextureFormatASTC (34)
[2017.06.18-08.30.25:116][441]LogModuleManager: Shutting down and abandoning module TextureFormatAndroid (33)
[2017.06.18-08.30.25:116][441]LogModuleManager: Shutting down and abandoning module AudioFormatOpus (32)
[2017.06.18-08.30.25:116][441]LogModuleManager: Shutting down and abandoning module AudioFormatOgg (31)
[2017.06.18-08.30.25:116][441]LogModuleManager: Shutting down and abandoning module AudioFormatADPCM (30)
[2017.06.18-08.30.25:116][441]LogModuleManager: Shutting down and abandoning module WindowsTargetPlatform (29)
[2017.06.18-08.30.25:116][441]LogModuleManager: Shutting down and abandoning module WindowsServerTargetPlatform (28)
[2017.06.18-08.30.25:116][441]LogModuleManager: Shutting down and abandoning module WindowsNoEditorTargetPlatform (27)
[2017.06.18-08.30.25:116][441]LogModuleManager: Shutting down and abandoning module WindowsClientTargetPlatform (26)
[2017.06.18-08.30.25:116][441]LogModuleManager: Shutting down and abandoning module TargetPlatform (25)
[2017.06.18-08.30.25:116][441]LogModuleManager: Shutting down and abandoning module InputCore (24)
[2017.06.18-08.30.25:116][441]LogModuleManager: Shutting down and abandoning module Settings (23)
[2017.06.18-08.30.25:116][441]LogModuleManager: Shutting down and abandoning module OnlineSubsystem (19)
[2017.06.18-08.30.25:116][441]LogOnline:Display: STEAM: OnlineSubsystemSteam::Shutdown()
[2017.06.18-08.30.25:185][441]LogOnline:Display: Unloading online subsystem: STEAM
[2017.06.18-08.30.25:185][441]LogOnline:Display: STEAM: OnlineSubsystemSteam::Shutdown()
[2017.06.18-08.30.25:185][441]LogModuleManager: Shutting down and abandoning module HTTP (18)
[2017.06.18-08.30.25:185][441]LogModuleManager: Shutting down and abandoning module XMPP (17)
[2017.06.18-08.30.25:186][441]LogModuleManager: Shutting down and abandoning module OculusRift (16)
[2017.06.18-08.30.25:186][441]LogModuleManager: Shutting down and abandoning module ExampleDeviceProfileSelector (15)
[2017.06.18-08.30.25:186][441]LogModuleManager: Shutting down and abandoning module TextureCompressor (14)
[2017.06.18-08.30.25:186][441]LogModuleManager: Shutting down and abandoning module ShaderCore (13)
[2017.06.18-08.30.25:186][441]LogModuleManager: Shutting down and abandoning module Landscape (12)
[2017.06.18-08.30.25:186][441]LogModuleManager: Shutting down and abandoning module SlateRHIRenderer (11)
[2017.06.18-08.30.25:189][441]LogModuleManager: Shutting down and abandoning module OpenGLDrv (10)
[2017.06.18-08.30.25:189][441]LogModuleManager: Shutting down and abandoning module D3D11RHI (9)
[2017.06.18-08.30.25:189][441]LogModuleManager: Shutting down and abandoning module AnimGraphRuntime (8)
[2017.06.18-08.30.25:189][441]LogModuleManager: Shutting down and abandoning module Renderer (7)
[2017.06.18-08.30.25:189][441]LogModuleManager: Shutting down and abandoning module Engine (6)
[2017.06.18-08.30.25:189][441]LogModuleManager: Shutting down and abandoning module CoreUObject (5)
[2017.06.18-08.30.25:189][441]LogModuleManager: Shutting down and abandoning module NetworkFile (4)
[2017.06.18-08.30.25:189][441]LogModuleManager: Shutting down and abandoning module StreamingFile (3)
[2017.06.18-08.30.25:189][441]LogModuleManager: Shutting down and abandoning module SandboxFile (2)
[2017.06.18-08.30.25:189][441]LogModuleManager: Shutting down and abandoning module PakFile (1)
[2017.06.18-08.30.25:191][441]LogExit: Exiting.
[2017.06.18-08.30.25:192][441]Log file closed, 06/18/17 17:30:25
