Log file open, 06/18/17 17:59:45
LogInit:Display: Running engine for game: project_jaji
LogPlatformFile: Not using cached read wrapper
LogInit:Display: RandInit(1635995703) SRandInit(1635995705).
LogTaskGraph: Started task graph with 4 named threads and 7 total threads with 1 sets of task threads.
LogStats: Stats thread started at 0.083564
LogInit: Version: 4.12.5-3039270+++UE4+Release-4.12
LogInit: API Version: 2992821
LogInit: Net Version: 3039270
LogDevObjectVersion: Number of dev versions registered: 13
LogDevObjectVersion:   Dev-Blueprints (B0D832E4-1F89-4F0D-ACCF-7EB736FD4AA2): 3
LogDevObjectVersion:   Dev-Build (E1C64328-A22C-4D53-A36C-8E866417BD8C): 0
LogDevObjectVersion:   Dev-Core (375EC13C-06E4-48FB-B500-84F0262A717E): 1
LogDevObjectVersion:   Dev-Editor (E4B068ED-F494-42E9-A231-DA0B2E46BB41): 2
LogDevObjectVersion:   Dev-Framework (CFFC743F-43B0-4480-9391-14DF171D2073): 6
LogDevObjectVersion:   Dev-Mobile (B02B49B5-BB20-44E9-A304-32B752E40360): 0
LogDevObjectVersion:   Dev-Networking (A4E4105C-59A1-49B5-A7C5-40C4547EDFEE): 0
LogDevObjectVersion:   Dev-Online (39C831C9-5AE6-47DC-9A44-9C173E1C8E7C): 0
LogDevObjectVersion:   Dev-Physics (78F01B33-EBEA-4F98-B9B4-84EACCB95AA2): 0
LogDevObjectVersion:   Dev-Platform (6631380F-2D4D-43E0-8009-CF276956A95A): 0
LogDevObjectVersion:   Dev-Rendering (12F88B9F-8875-4AFC-A67C-D90C383ABD29): 2
LogDevObjectVersion:   Dev-Sequencer (7B5AE74C-D270-4C10-A958-57980B212A5A): 0
LogDevObjectVersion:   Dev-VR (D7296918-1DD6-4BDD-9DE2-64A83CC13884): 0
LogInit: Compiled (64-bit): Jul  6 2016 09:09:46
LogInit: Compiled with Visual C++: 19.00.23026.00
LogInit: Build Configuration: Development
LogInit: Branch Name: ++UE4+Release-4.12
LogInit: Command line:  127.0.0.1 -game -PIEVIACONSOLE -ResX=640 -ResY=480  -Multiprocess -windowed -messaging -SessionName="Play in Standalone Game" GameUserSettingsINI="C:/Users/koyan/Desktop/리정호/jaji_project2/Saved/Config/Windows/PIEGameUserSettings1.ini" -MultiprocessSaveConfig  -MultiprocessOSS WinX=664 WinY=31 SAVEWINPOS=1
LogInit: Base directory: D:/Epic Games/UE_4.12/Engine/Binaries/Win64/
LogInit: Installed Engine Build: 1
LogFileManager:Warning: Error deleting file: C:/Users/koyan/Desktop/리정호/jaji_project2/Saved/Logs/project_jaji.log (Error Code 32)
LogInit: Using libcurl 7.41.0
LogInit:  - built for x86_64-pc-win32
LogInit:  - supports SSL with WinSSL
LogInit:  - other features:
LogInit:      CURL_VERSION_SSL
LogInit:      CURL_VERSION_IPV6
LogInit:      CURL_VERSION_ASYNCHDNS
LogInit:      CURL_VERSION_LARGEFILE
LogInit:      CURL_VERSION_IDN
LogInit:  CurlRequestOptions (configurable via config and command line):
LogInit:  - bVerifyPeer = true  - Libcurl will verify peer certificate
LogInit:  - bUseHttpProxy = false  - Libcurl will NOT use HTTP proxy
LogInit:  - bDontReuseConnections = false  - Libcurl will reuse connections
LogInit:  - CertBundlePath = nullptr  - Libcurl will use whatever was configured at build time.
LogOnline:Display: STEAM: Loading Steam SDK 1.32
LogOnline:Warning: STEAM: Steam API disabled!
LogOnline:Display: STEAM: OnlineSubsystemSteam::Shutdown()
LogInit: WinSock: version 1.1 (2.2), MaxSocks=32767, MaxUdp=65467
LogVoice:Warning: Failed to initialize voice interface
LogInit: Presizing for max 8388607 objects, including 0 objects not considered by GC, pre-allocating 0 bytes for permanent pool.
LogInit: Object subsystem initialized
[2017.06.18-08.59.45:568][  0]LogInit: Selected Device Profile: [Windows]
[2017.06.18-08.59.45:568][  0]LogInit: Applying CVar settings loaded from the selected device profile: [Windows]
[2017.06.18-08.59.45:572][  0]LogInit: Computer: MUJIBS
[2017.06.18-08.59.45:572][  0]LogInit: User: koyan
[2017.06.18-08.59.45:572][  0]LogInit: CPU Page size=65536, Cores=4
[2017.06.18-08.59.45:572][  0]LogInit: High frequency timer resolution =2.742188 MHz
[2017.06.18-08.59.45:573][  0]LogMemory: Memory total: Physical=15.9GB (16GB approx)
[2017.06.18-08.59.45:573][  0]LogMemory: Platform Memory Stats for Windows
[2017.06.18-08.59.45:573][  0]LogMemory: Process Physical Memory: 191.99 MB used, 191.99 MB peak
[2017.06.18-08.59.45:573][  0]LogMemory: Process Virtual Memory: 195.54 MB used, 195.54 MB peak
[2017.06.18-08.59.45:573][  0]LogMemory: Physical Memory: 7305.08 MB used, 16250.27 MB total
[2017.06.18-08.59.45:573][  0]LogMemory: Virtual Memory: 556.73 MB used, 134217728.00 MB total
[2017.06.18-08.59.45:647][  0]LogTextLocalizationManager: No specific translations for ('ko-KR') exist, so ('ko') translations will be used.
[2017.06.18-08.59.45:686][  0]LogTextLocalizationManager:Warning: Loaded localization resources contain conflicting entries for (Namespace:KismetSchema, Key:Default):
Localization Resource: (D:/Epic Games/UE_4.12/Engine/Content/Localization/EditorTutorials/ko/EditorTutorials.locres) Source String Hash: (940523119) Localized String: (디폴트)
Localization Resource: (D:/Epic Games/UE_4.12/Engine/Content/Localization/Engine/ko/Engine.locres) Source String Hash: (940523119) Localized String: (기본)
[2017.06.18-08.59.45:686][  0]LogTextLocalizationManager:Warning: Loaded localization resources contain conflicting entries for (Namespace:UObjectToolTips, Key:AnimNode_AssetPlayerBase:InternalTimeAccumulator):
Localization Resource: (D:/Epic Games/UE_4.12/Engine/Content/Localization/EditorTutorials/ko/EditorTutorials.locres) Source String Hash: (502993589) Localized String: (이 노드에서 애셋을 레퍼런싱하는 데 사용되는 누적 시간입니다.)
Localization Resource: (D:/Epic Games/UE_4.12/Engine/Content/Localization/Engine/ko/Engine.locres) Source String Hash: (502993589) Localized String: (이 노드에서 애셋을 레퍼런싱하는 데 사용된 누적 시간입니다.)
[2017.06.18-08.59.45:686][  0]LogTextLocalizationManager:Warning: Loaded localization resources contain conflicting entries for (Namespace:UObjectToolTips, Key:AnimNode_AssetPlayerBase:bIgnoreForRelevancyTest):
Localization Resource: (D:/Epic Games/UE_4.12/Engine/Content/Localization/EditorTutorials/ko/EditorTutorials.locres) Source String Hash: (319969718) Localized String: (True 면, 스테이트에서 최고 가중치 애니메이션을 찾는 "Relevant anim" 노드는 이 노드를 무시합니다.
 )
Localization Resource: (D:/Epic Games/UE_4.12/Engine/Content/Localization/Engine/ko/Engine.locres) Source String Hash: (319969718) Localized String: (True 면 스테이트 내 최고 웨이팅된 애니메이션을 찾는 "Relevant anim" 노드가 무시됩니다.
 )
[2017.06.18-08.59.45:686][  0]LogTextLocalizationManager:Warning: Loaded localization resources contain conflicting entries for (Namespace:UObjectToolTips, Key:AnimNode_AssetPlayerBase:BlendWeight):
Localization Resource: (D:/Epic Games/UE_4.12/Engine/Content/Localization/EditorTutorials/ko/EditorTutorials.locres) Source String Hash: (-1232800293) Localized String: (이 노드에 마지막 걸린 블렌드웨이트 입니다.)
Localization Resource: (D:/Epic Games/UE_4.12/Engine/Content/Localization/Engine/ko/Engine.locres) Source String Hash: (-1232800293) Localized String: (이 노드에 대해 마지막 접한 블렌드 웨이트)
[2017.06.18-08.59.45:804][  0]LogD3D11RHI: D3D11 adapters:
[2017.06.18-08.59.45:892][  0]LogD3D11RHI:    0. 'NVIDIA GeForce GTX 1050 Ti' (Feature Level 11_0)
[2017.06.18-08.59.45:892][  0]LogD3D11RHI:       4050/0/8125 MB DedicatedVideo/DedicatedSystem/SharedSystem, Outputs:1, VendorId:0x10de
[2017.06.18-08.59.45:903][  0]LogD3D11RHI:    1. 'Intel(R) HD Graphics 630' (Feature Level 11_0)
[2017.06.18-08.59.45:903][  0]LogD3D11RHI:       128/0/8125 MB DedicatedVideo/DedicatedSystem/SharedSystem, Outputs:0, VendorId:0x8086
[2017.06.18-08.59.45:910][  0]LogD3D11RHI:    2. 'Microsoft Basic Render Driver' (Feature Level 11_0)
[2017.06.18-08.59.45:910][  0]LogD3D11RHI:       0/0/8125 MB DedicatedVideo/DedicatedSystem/SharedSystem, Outputs:0, VendorId:0x1414
[2017.06.18-08.59.45:910][  0]LogD3D11RHI: Chosen D3D11 Adapter: 0
[2017.06.18-08.59.45:919][  0]LogD3D11RHI: Creating new Direct3DDevice
[2017.06.18-08.59.45:919][  0]LogD3D11RHI:     GPU DeviceId: 0x1c8c (for the marketing name, search the web for "GPU Device Id")
[2017.06.18-08.59.45:919][  0]LogWindows: EnumDisplayDevices:
[2017.06.18-08.59.45:920][  0]LogWindows:    0. 'Intel(R) HD Graphics 630' (P:1 D:1)
[2017.06.18-08.59.45:921][  0]LogWindows:    1. 'Intel(R) HD Graphics 630' (P:0 D:0)
[2017.06.18-08.59.45:922][  0]LogWindows:    2. 'Intel(R) HD Graphics 630' (P:0 D:0)
[2017.06.18-08.59.45:924][  0]LogWindows:    3. 'NVIDIA GeForce GTX 1050 Ti' (P:0 D:0)
[2017.06.18-08.59.45:925][  0]LogWindows: DebugString: PrimaryIsNotTheChoosenAdapter PrimaryIsNotTheChoosenAdapter PrimaryIsNotTheChoosenAdapter 
[2017.06.18-08.59.45:925][  0]LogD3D11RHI:     Adapter Name: NVIDIA GeForce GTX 1050 Ti
[2017.06.18-08.59.45:925][  0]LogD3D11RHI:   Driver Version: 382.53 (internal:22.21.13.8253, unified:382.53)
[2017.06.18-08.59.45:925][  0]LogD3D11RHI:      Driver Date: 6-7-2017
[2017.06.18-08.59.45:925][  0]LogRHI: Texture pool is 1361 MB (70% of 1945 MB)
[2017.06.18-08.59.45:954][  0]LogD3D11RHI: Async texture creation enabled
[2017.06.18-08.59.45:966][  0]LogD3D11RHI: GPU Timing Frequency: 1000.000000 (Debug: 2 1)
[2017.06.18-08.59.45:967][  0]LogShaderCompilers: Guid format shader working directory is 6 characters bigger than the processId version (C:/Users/koyan/Desktop/리정호/jaji_project2/Intermediate/Shaders/WorkingDirectory/9864/).
[2017.06.18-08.59.45:967][  0]LogShaderCompilers: Cleaned the shader compiler working directory 'C:/Users/koyan/AppData/Local/Temp/UnrealShaderWorkingDir/E79D7DCA48E036BA42B5DF85A24CAFF3/'.
[2017.06.18-08.59.45:967][  0]LogShaderCompilers:Display: Using Local Shader Compiler.
[2017.06.18-08.59.47:250][  0]LogTemp:Display: Loaded TP WindowsClientTargetPlatform
[2017.06.18-08.59.47:259][  0]LogTemp:Display: Loaded TP WindowsNoEditorTargetPlatform
[2017.06.18-08.59.47:270][  0]LogTemp:Display: Loaded TP WindowsServerTargetPlatform
[2017.06.18-08.59.47:282][  0]LogTemp:Display: Loaded TP WindowsTargetPlatform
[2017.06.18-08.59.47:282][  0]LogTargetPlatformManager:Display: Building Assets For Windows
[2017.06.18-08.59.47:371][  0]LogDerivedDataCache:Display: Max Cache Size: 512 MB
[2017.06.18-08.59.47:430][  0]LogDerivedDataCache: Loaded boot cache 0.06s 47MB C:/Users/koyan/AppData/Local/UnrealEngine/4.12/DerivedDataCache/Boot.ddc.
[2017.06.18-08.59.47:431][  0]LogDerivedDataCache:Display: Loaded Boot cache: C:/Users/koyan/AppData/Local/UnrealEngine/4.12/DerivedDataCache/Boot.ddc
[2017.06.18-08.59.47:431][  0]LogDerivedDataCache: FDerivedDataBackendGraph:  Pak pak cache file C:/Users/koyan/Desktop/리정호/jaji_project2/DerivedDataCache/DDC.ddp not found, will not use a pak cache.
[2017.06.18-08.59.47:431][  0]LogDerivedDataCache: Unable to find inner node Pak for hierarchical cache Hierarchy.
[2017.06.18-08.59.47:431][  0]LogDerivedDataCache: FDerivedDataBackendGraph:  CompressedPak pak cache file C:/Users/koyan/Desktop/리정호/jaji_project2/DerivedDataCache/Compressed.ddp not found, will not use a pak cache.
[2017.06.18-08.59.47:431][  0]LogDerivedDataCache: Unable to find inner node CompressedPak for hierarchical cache Hierarchy.
[2017.06.18-08.59.47:452][  0]LogDerivedDataCache:Display: Pak cache opened for reading ../../../Engine/DerivedDataCache/Compressed.ddp.
[2017.06.18-08.59.47:464][  0]LogDerivedDataCache: Using Local data cache path C:/Users/koyan/AppData/Local/UnrealEngine/Common/DerivedDataCache: Writable
[2017.06.18-08.59.47:728][  0]LogAssetRegistry: FAssetRegistry took 0.0001 seconds to start up
[2017.06.18-08.59.47:735][  0]LogPackageLocalizationCache: Processed 3 localized package path(s) for 2 prioritized culture(s) in 0.006792 seconds
[2017.06.18-08.59.47:740][  0]LogInit: Selected Device Profile: [Windows]
[2017.06.18-08.59.47:740][  0]LogContentStreaming: Texture pool size is 1000.00 MB
[2017.06.18-08.59.47:912][  0]LogMeshUtilities: No automatic mesh reduction module available
[2017.06.18-08.59.47:912][  0]LogMeshUtilities: No automatic mesh merging module available
[2017.06.18-08.59.47:912][  0]LogMeshUtilities: No distributed automatic mesh merging module available
[2017.06.18-08.59.48:330][  0]LogSlate: SlateFontCache - WITH_FREETYPE: 1, WITH_HARFBUZZ: 1
[2017.06.18-08.59.48:330][  0]LogSlate: SlateFontCache - WITH_FREETYPE: 1, WITH_HARFBUZZ: 1
[2017.06.18-08.59.48:470][  0]LogMoviePlayer: Initializing movie player
[2017.06.18-08.59.48:566][  0]LogWindowsMoviePlayer: Unable to load movie: C:/Users/koyan/Desktop/리정호/jaji_project2/Content/Movies/Default_Startup.mp4
[2017.06.18-08.59.48:660][  0]LogUdpMessaging: Initializing bridge on interface 0.0.0.0:0 to multicast group 230.0.0.1:6666.
[2017.06.18-08.59.48:748][  0]SourceControl: 정보 소스 콘트롤이 꺼졌습니다.
[2017.06.18-08.59.48:748][  0]SourceControl: 정보 소스 콘트롤이 꺼졌습니다.
[2017.06.18-08.59.48:761][  0]SourceControl: 정보 소스 콘트롤이 꺼졌습니다.
[2017.06.18-08.59.48:947][  0]LogUObjectArray: 30992 objects as part of root set at end of initial load.
[2017.06.18-08.59.48:947][  0]LogUObjectAllocator: 6930704 out of 0 bytes used by permanent object pool.
[2017.06.18-08.59.48:947][  0]LogUObjectArray: CloseDisregardForGC: 0/0 objects in disregard for GC pool
[2017.06.18-08.59.49:010][  0]LogEngine: Initializing Engine...
[2017.06.18-08.59.49:012][  0]LogHMD: SteamVR failed to initialize.  Err: 110
[2017.06.18-08.59.49:014][  0]LogHMD: SteamVR failed to initialize.  Err: 110
[2017.06.18-08.59.49:180][  0]LogInit: XAudio2 using '스피커 / 헤드폰(Realtek Audio)' : 2 channels at 48 kHz using 32 bits per sample (channel mask 0x3)
[2017.06.18-08.59.49:312][  0]LogInit: FAudioDevice initialized.
[2017.06.18-08.59.49:318][  0]LogInit: Texture streaming: Enabled
[2017.06.18-08.59.49:820][  0]LogNet: Browse: 127.0.0.1//Game/Maps/MainMenu?Name=Player
[2017.06.18-08.59.49:820][  0]LogOnline:Warning: STEAM: Steam API disabled!
[2017.06.18-08.59.49:820][  0]LogOnline:Display: STEAM: OnlineSubsystemSteam::Shutdown()
[2017.06.18-08.59.49:820][  0]LogInit: WinSock: Socket queue 32768 / 32768
[2017.06.18-08.59.49:829][  0]LogInit: WinSock: I am MuJibs (192.168.56.1:0)
[2017.06.18-08.59.49:830][  0]PacketHandlerLog: Loaded PacketHandler component: Engine.EngineHandlerComponentFactory (StatelessConnectHandlerComponent)
[2017.06.18-08.59.49:830][  0]LogNet: Game client on port 7777, rate 10000
[2017.06.18-08.59.49:830][  0]LogNet: GetLocalNetworkVersion: GEngineNetVersion: 3039270, ProjectName: project_jaji, ProjectVersion: 1.0.0.0, InternalProtocolVersion: 9, LocalNetworkVersion: 1632037971
[2017.06.18-08.59.49:830][  0]LogLoad:Error: Failed to enter /Game/Maps/MainMenu: . Please check the log for errors.
[2017.06.18-08.59.49:830][  0]LogNet: Browse: /Game/Maps/MainMenu?Name=Player
[2017.06.18-08.59.49:830][  0]LogLoad: LoadMap: /Game/Maps/MainMenu?Name=Player
[2017.06.18-08.59.49:869][  0]LogMemory: Platform Memory Stats for Windows
[2017.06.18-08.59.49:869][  0]LogMemory: Process Physical Memory: 533.96 MB used, 546.85 MB peak
[2017.06.18-08.59.49:869][  0]LogMemory: Process Virtual Memory: 576.18 MB used, 576.19 MB peak
[2017.06.18-08.59.49:869][  0]LogMemory: Physical Memory: 7971.95 MB used, 16250.27 MB total
[2017.06.18-08.59.49:869][  0]LogMemory: Virtual Memory: 1191.74 MB used, 134217728.00 MB total
[2017.06.18-08.59.49:869][  0]LogMemory: 
[2017.06.18-08.59.49:869][  0]Allocator Stats for TBB: (not implemented)
[2017.06.18-08.59.49:885][  0]LogAIModule: Creating AISystem for world MainMenu
[2017.06.18-08.59.49:935][  0]LogBlueprint:Warning: Compiler 경고 입력 축 이벤트가  TurnRate 입력 축  에 대한 미확인 'TurnRate' 축을 레퍼런싱합니다.
[2017.06.18-08.59.49:935][  0]LogBlueprint:Warning: Compiler 경고 입력 축 이벤트가  MoveRight 입력 축  에 대한 미확인 'MoveRight' 축을 레퍼런싱합니다.
[2017.06.18-08.59.49:936][  0]LogBlueprint:Warning: Compiler 경고 입력 축 이벤트가  Turn 입력 축  에 대한 미확인 'Turn' 축을 레퍼런싱합니다.
[2017.06.18-08.59.49:936][  0]LogBlueprint:Warning: Compiler 경고 입력 축 이벤트가  LookUp 입력 축  에 대한 미확인 'LookUp' 축을 레퍼런싱합니다.
[2017.06.18-08.59.49:938][  0]LogBlueprint:Warning: Compiler 경고 [0005.25] ThirdPersonCharacter 컴파일에 성공했습니다만, 경고가 4 회 있습니다. [소요시간 5 ms] (/Game/ThirdPersonBP/Blueprints/ThirdPersonCharacter.ThirdPersonCharacter)
[2017.06.18-08.59.49:938][  0]LogBlueprint:Warning: Compiler 경고 [0005.25] ThirdPersonCharacter 컴파일에 성공했습니다만, 경고가 5 회 있습니다. [소요시간 0 ms] (/Game/ThirdPersonBP/Blueprints/ThirdPersonCharacter.ThirdPersonCharacter)
[2017.06.18-08.59.49:938][  0]LogBlueprint:Warning: Compiler 경고 [0005.25] ThirdPersonCharacter 컴파일에 성공했습니다만, 경고가 6 회 있습니다. [소요시간 0 ms] (/Game/ThirdPersonBP/Blueprints/ThirdPersonCharacter.ThirdPersonCharacter)
[2017.06.18-08.59.49:948][  0]LogBlueprint:Warning: Compiler 경고 입력 축 이벤트가  TurnRate 입력 축  에 대한 미확인 'TurnRate' 축을 레퍼런싱합니다.
[2017.06.18-08.59.49:948][  0]LogBlueprint:Warning: Compiler 경고 입력 축 이벤트가  MoveRight 입력 축  에 대한 미확인 'MoveRight' 축을 레퍼런싱합니다.
[2017.06.18-08.59.49:948][  0]LogBlueprint:Warning: Compiler 경고 입력 축 이벤트가  Turn 입력 축  에 대한 미확인 'Turn' 축을 레퍼런싱합니다.
[2017.06.18-08.59.49:948][  0]LogBlueprint:Warning: Compiler 경고 입력 축 이벤트가  LookUp 입력 축  에 대한 미확인 'LookUp' 축을 레퍼런싱합니다.
[2017.06.18-08.59.49:950][  0]LogBlueprint:Warning: Compiler 경고 [0005.27] ThirdPersonCharacter 컴파일에 성공했습니다만, 경고가 4 회 있습니다. [소요시간 5 ms] (/Game/ThirdPersonBP/Blueprints/ThirdPersonCharacter.ThirdPersonCharacter)
[2017.06.18-08.59.49:950][  0]LogBlueprint:Warning: Compiler 경고 [0005.27] ThirdPersonCharacter 컴파일에 성공했습니다만, 경고가 5 회 있습니다. [소요시간 0 ms] (/Game/ThirdPersonBP/Blueprints/ThirdPersonCharacter.ThirdPersonCharacter)
[2017.06.18-08.59.49:950][  0]LogBlueprint:Warning: Compiler 경고 [0005.27] ThirdPersonCharacter 컴파일에 성공했습니다만, 경고가 6 회 있습니다. [소요시간 0 ms] (/Game/ThirdPersonBP/Blueprints/ThirdPersonCharacter.ThirdPersonCharacter)
[2017.06.18-08.59.50:021][  0]LogWorld: Game class is 'ThirdPersonGameMode_C'
[2017.06.18-08.59.50:024][  0]LogWorld: Bringing World /Game/Maps/MainMenu.MainMenu up for play (max tick rate 0) at 2017.06.18-17.59.50
[2017.06.18-08.59.50:024][  0]LogWorld: Bringing up level for play took: 0.002392
[2017.06.18-08.59.50:026][  0]LogGameMode: Warning - PATHS NOT DEFINED or NO PLAYERSTART with positive rating
[2017.06.18-08.59.50:030][  0]LogLoad: Took 0.199921 seconds to LoadMap(/Game/Maps/MainMenu)
[2017.06.18-08.59.50:030][  0]LogInit:Display: Game Engine Initialized.
[2017.06.18-08.59.50:266][  0]LogLoad: Full Startup: 5.58 seconds (BP compile: 0.20 seconds)
[2017.06.18-08.59.50:266][  0]LogExternalProfiler: No external profilers were discovered.  External profiling features will not be available.
[2017.06.18-08.59.50:287][  0]LogWindowsTextInputMethodSystem:Display: IME system now activated using TSF (Microsoft 입력기).
[2017.06.18-08.59.50:289][  0]LogOcInput: OculusInput pre-init called
[2017.06.18-08.59.50:403][  2]LogRenderer: Reallocating scene render targets to support 640x480 (Frame:2).
[2017.06.18-08.59.52:853][151]LogHandshake: SendChallengeResponse. Timestamp: 0.603555, Cookie: 139186059215228202068160142223250030239091095223132155023246
[2017.06.18-08.59.52:966][158]LogNet: Welcomed by server (Level: /Temp/Autosaves/Game/Maps/UEDPCArena01, Game: /Game/Blueprints/Gameplay/GameplayGM.GameplayGM_C)
[2017.06.18-08.59.52:966][158]LogLoad: LoadMap: 127.0.0.1//Temp/Autosaves/Game/Maps/UEDPCArena01?Name=Player?game=/Game/Blueprints/Gameplay/GameplayGM.GameplayGM_C
[2017.06.18-08.59.52:994][158]LogMemory: Platform Memory Stats for Windows
[2017.06.18-08.59.52:994][158]LogMemory: Process Physical Memory: 590.95 MB used, 597.84 MB peak
[2017.06.18-08.59.52:994][158]LogMemory: Process Virtual Memory: 755.23 MB used, 763.38 MB peak
[2017.06.18-08.59.52:994][158]LogMemory: Physical Memory: 8276.98 MB used, 16250.27 MB total
[2017.06.18-08.59.52:994][158]LogMemory: Virtual Memory: 1409.94 MB used, 134217728.00 MB total
[2017.06.18-08.59.52:994][158]LogMemory: 
[2017.06.18-08.59.52:994][158]Allocator Stats for TBB: (not implemented)
[2017.06.18-08.59.54:782][158]LogAIModule: Creating AISystem for world Arena01
[2017.06.18-08.59.54:787][158]LogWorld: Bringing World /Temp/Autosaves/Game/Maps/UEDPCArena01.Arena01 up for play (max tick rate 0) at 2017.06.18-17.59.54
[2017.06.18-08.59.54:788][158]LogWorld: Bringing up level for play took: 0.003800
[2017.06.18-08.59.54:788][158]LogLoad: Took 1.821665 seconds to LoadMap(/Temp/Autosaves/Game/Maps/UEDPCArena01)
[2017.06.18-08.59.54:962][168]LogOnline:Warning: NULL: No game present to join for session (Game)
[2017.06.18-08.59.55:009][171]LogOnline:Warning: NULL: No game present to join for session (Game)
[2017.06.18-09.00.07:559][949]LogBlueprintUserMessages: [Forge_C_1] live
[2017.06.18-09.00.09:108][ 45]LogBlueprintUserMessages: [Forge_C_1] live
[2017.06.18-09.00.14:300][367]LogOnline:Warning: NULL: No game present to leave for session (Game)
[2017.06.18-09.00.14:300][367]LogNet:Warning: Network Failure: GameNetDriver[FailureReceived]: 호스트가 접속을 끊었습니다.
[2017.06.18-09.00.14:300][367]LogNet: NetworkFailure: FailureReceived, Error: '호스트가 접속을 끊었습니다.'
[2017.06.18-09.00.14:301][367]LogNet: UNetConnection::Close: [UNetConnection] RemoteAddr: 127.0.0.1:7777, Name: IpConnection_0, Driver: GameNetDriver IpNetDriver_0, IsServer: NO, PC: GameplayPC_C_0, Owner: GameplayPC_C_0, Channels: 10, Time: 2017.06.18-09.00.14
[2017.06.18-09.00.14:301][367]LogNet: UChannel::Close: Sending CloseBunch. ChIndex == 0. Name: [UChannel] ChIndex: 0, Closing: 0 [UNetConnection] RemoteAddr: 127.0.0.1:7777, Name: IpConnection_0, Driver: GameNetDriver IpNetDriver_0, IsServer: NO, PC: GameplayPC_C_0, Owner: GameplayPC_C_0
[2017.06.18-09.00.14:301][367]LogNet:Warning: Network Failure: GameNetDriver[ConnectionLost]: 호스트와의 접속이 끊어졌습니다.
[2017.06.18-09.00.14:301][367]LogNet: NetworkFailure: ConnectionLost, Error: '호스트와의 접속이 끊어졌습니다.'
[2017.06.18-09.00.14:316][368]LogNet: Browse: /Game/Maps/MainMenu?closed
[2017.06.18-09.00.14:316][368]LogNet: Failed; returning to Entry
[2017.06.18-09.00.14:375][368]LogLoad: LoadMap: /Game/Maps/MainMenu?closed
[2017.06.18-09.00.14:376][368]LogNet: World NetDriver shutdown IpNetDriver_0 [GameNetDriver]
[2017.06.18-09.00.14:376][368]LogNet: DestroyNamedNetDriver IpNetDriver_0 [GameNetDriver]
[2017.06.18-09.00.14:376][368]LogExit: GameNetDriver IpNetDriver_0 shut down
[2017.06.18-09.00.14:507][368]LogMemory: Platform Memory Stats for Windows
[2017.06.18-09.00.14:507][368]LogMemory: Process Physical Memory: 730.85 MB used, 773.16 MB peak
[2017.06.18-09.00.14:507][368]LogMemory: Process Virtual Memory: 964.49 MB used, 1041.22 MB peak
[2017.06.18-09.00.14:507][368]LogMemory: Physical Memory: 8357.72 MB used, 16250.27 MB total
[2017.06.18-09.00.14:507][368]LogMemory: Virtual Memory: 1635.83 MB used, 134217728.00 MB total
[2017.06.18-09.00.14:507][368]LogMemory: 
[2017.06.18-09.00.14:507][368]Allocator Stats for TBB: (not implemented)
[2017.06.18-09.00.14:513][368]LogAIModule: Creating AISystem for world MainMenu
[2017.06.18-09.00.14:557][368]LogBlueprint:Warning: Compiler 경고 입력 축 이벤트가  TurnRate 입력 축  에 대한 미확인 'TurnRate' 축을 레퍼런싱합니다.
[2017.06.18-09.00.14:557][368]LogBlueprint:Warning: Compiler 경고 입력 축 이벤트가  MoveRight 입력 축  에 대한 미확인 'MoveRight' 축을 레퍼런싱합니다.
[2017.06.18-09.00.14:557][368]LogBlueprint:Warning: Compiler 경고 입력 축 이벤트가  Turn 입력 축  에 대한 미확인 'Turn' 축을 레퍼런싱합니다.
[2017.06.18-09.00.14:557][368]LogBlueprint:Warning: Compiler 경고 입력 축 이벤트가  LookUp 입력 축  에 대한 미확인 'LookUp' 축을 레퍼런싱합니다.
[2017.06.18-09.00.14:560][368]LogBlueprint:Warning: Compiler 경고 [0029.87] ThirdPersonCharacter 컴파일에 성공했습니다만, 경고가 4 회 있습니다. [소요시간 5 ms] (/Game/ThirdPersonBP/Blueprints/ThirdPersonCharacter.ThirdPersonCharacter)
[2017.06.18-09.00.14:560][368]LogBlueprint:Warning: Compiler 경고 [0029.87] ThirdPersonCharacter 컴파일에 성공했습니다만, 경고가 5 회 있습니다. [소요시간 0 ms] (/Game/ThirdPersonBP/Blueprints/ThirdPersonCharacter.ThirdPersonCharacter)
[2017.06.18-09.00.14:560][368]LogBlueprint:Warning: Compiler 경고 [0029.87] ThirdPersonCharacter 컴파일에 성공했습니다만, 경고가 6 회 있습니다. [소요시간 0 ms] (/Game/ThirdPersonBP/Blueprints/ThirdPersonCharacter.ThirdPersonCharacter)
[2017.06.18-09.00.14:566][368]LogBlueprint:Warning: Compiler 경고 입력 축 이벤트가  TurnRate 입력 축  에 대한 미확인 'TurnRate' 축을 레퍼런싱합니다.
[2017.06.18-09.00.14:566][368]LogBlueprint:Warning: Compiler 경고 입력 축 이벤트가  MoveRight 입력 축  에 대한 미확인 'MoveRight' 축을 레퍼런싱합니다.
[2017.06.18-09.00.14:566][368]LogBlueprint:Warning: Compiler 경고 입력 축 이벤트가  Turn 입력 축  에 대한 미확인 'Turn' 축을 레퍼런싱합니다.
[2017.06.18-09.00.14:566][368]LogBlueprint:Warning: Compiler 경고 입력 축 이벤트가  LookUp 입력 축  에 대한 미확인 'LookUp' 축을 레퍼런싱합니다.
[2017.06.18-09.00.14:568][368]LogBlueprint:Warning: Compiler 경고 [0029.88] ThirdPersonCharacter 컴파일에 성공했습니다만, 경고가 4 회 있습니다. [소요시간 5 ms] (/Game/ThirdPersonBP/Blueprints/ThirdPersonCharacter.ThirdPersonCharacter)
[2017.06.18-09.00.14:568][368]LogBlueprint:Warning: Compiler 경고 [0029.88] ThirdPersonCharacter 컴파일에 성공했습니다만, 경고가 5 회 있습니다. [소요시간 0 ms] (/Game/ThirdPersonBP/Blueprints/ThirdPersonCharacter.ThirdPersonCharacter)
[2017.06.18-09.00.14:568][368]LogBlueprint:Warning: Compiler 경고 [0029.88] ThirdPersonCharacter 컴파일에 성공했습니다만, 경고가 6 회 있습니다. [소요시간 0 ms] (/Game/ThirdPersonBP/Blueprints/ThirdPersonCharacter.ThirdPersonCharacter)
[2017.06.18-09.00.14:620][368]LogWorld: Game class is 'ThirdPersonGameMode_C'
[2017.06.18-09.00.14:624][368]LogWorld: Bringing World /Game/Maps/MainMenu.MainMenu up for play (max tick rate 0) at 2017.06.18-18.00.14
[2017.06.18-09.00.14:624][368]LogWorld: Bringing up level for play took: 0.001776
[2017.06.18-09.00.14:625][368]LogGameMode: Warning - PATHS NOT DEFINED or NO PLAYERSTART with positive rating
[2017.06.18-09.00.14:628][368]LogLoad: Took 0.252067 seconds to LoadMap(/Game/Maps/MainMenu)
[2017.06.18-09.00.16:637][483]LogWindowsTextInputMethodSystem:Display: IME system now activated using TSF (Microsoft 입력기).
[2017.06.18-09.00.16:643][483]LogEngine: All Windows Closed
[2017.06.18-09.00.16:643][483]LogWindows: FPlatformMisc::RequestExit(0)
[2017.06.18-09.00.16:643][484]LogMoviePlayer: Shutting down movie player
[2017.06.18-09.00.17:053][484]LogExit: Preparing to exit.
[2017.06.18-09.00.17:822][484]LogExit: Game engine shut down
[2017.06.18-09.00.17:920][484]LogObj: Freed 0b from 0 cluster array pools.
[2017.06.18-09.00.17:920][484]LogExit: Object subsystem successfully closed.
[2017.06.18-09.00.17:936][484]LogD3D11RHI: Shutdown
[2017.06.18-09.00.17:936][484]LogD3D11RHI: CleanupD3DDevice
[2017.06.18-09.00.17:985][484]LogD3D11RHI: ~FD3D11DynamicRHI
[2017.06.18-09.00.18:004][484]LogModuleManager: Shutting down and abandoning module SequenceRecorderSections (115)
[2017.06.18-09.00.18:004][484]LogModuleManager: Shutting down and abandoning module SequenceRecorder (114)
[2017.06.18-09.00.18:004][484]LogModuleManager: Shutting down and abandoning module AutomationController (113)
[2017.06.18-09.00.18:004][484]LogModuleManager: Shutting down and abandoning module AutomationWorker (112)
[2017.06.18-09.00.18:004][484]LogModuleManager: Shutting down and abandoning module CharacterAI (111)
[2017.06.18-09.00.18:004][484]LogModuleManager: Shutting down and abandoning module SessionServices (110)
[2017.06.18-09.00.18:004][484]LogModuleManager: Shutting down and abandoning module GameplayDebugger (109)
[2017.06.18-09.00.18:004][484]LogModuleManager: Shutting down and abandoning module AITestSuite (108)
[2017.06.18-09.00.18:004][484]LogModuleManager: Shutting down and abandoning module AIModule (107)
[2017.06.18-09.00.18:004][484]LogModuleManager: Shutting down and abandoning module MovieSceneCapture (106)
[2017.06.18-09.00.18:004][484]LogModuleManager: Shutting down and abandoning module StreamingPauseRendering (105)
[2017.06.18-09.00.18:004][484]LogModuleManager: Shutting down and abandoning module PortalServices (104)
[2017.06.18-09.00.18:004][484]LogModuleManager: Shutting down and abandoning module PortalRpc (103)
[2017.06.18-09.00.18:004][484]LogModuleManager: Shutting down and abandoning module MessagingRpc (102)
[2017.06.18-09.00.18:004][484]LogModuleManager: Shutting down and abandoning module ProfilerService (101)
[2017.06.18-09.00.18:252][484]LogModuleManager: Shutting down and abandoning module TaskGraph (100)
[2017.06.18-09.00.18:252][484]LogModuleManager: Shutting down and abandoning module SlateRemote (99)
[2017.06.18-09.00.18:252][484]LogModuleManager: Shutting down and abandoning module SteamVRController (98)
[2017.06.18-09.00.18:252][484]LogModuleManager: Shutting down and abandoning module SteamVR (97)
[2017.06.18-09.00.18:252][484]LogModuleManager: Shutting down and abandoning module ProceduralMeshComponent (96)
[2017.06.18-09.00.18:252][484]LogModuleManager: Shutting down and abandoning module OculusLibrary (95)
[2017.06.18-09.00.18:252][484]LogModuleManager: Shutting down and abandoning module OculusInput (94)
[2017.06.18-09.00.18:252][484]LogModuleManager: Shutting down and abandoning module CustomMeshComponent (93)
[2017.06.18-09.00.18:252][484]LogModuleManager: Shutting down and abandoning module CableComponent (92)
[2017.06.18-09.00.18:252][484]LogModuleManager: Shutting down and abandoning module ArchVisCharacter (91)
[2017.06.18-09.00.18:252][484]LogModuleManager: Shutting down and abandoning module HTML5Networking (90)
[2017.06.18-09.00.18:252][484]LogModuleManager: Shutting down and abandoning module DesktopPlatform (89)
[2017.06.18-09.00.18:252][484]LogModuleManager: Shutting down and abandoning module DirectoryWatcher (88)
[2017.06.18-09.00.18:252][484]LogModuleManager: Shutting down and abandoning module HotReload (87)
[2017.06.18-09.00.18:253][484]LogModuleManager: Shutting down and abandoning module VisualStudioSourceCodeAccess (86)
[2017.06.18-09.00.18:253][484]LogModuleManager: Shutting down and abandoning module UObjectPlugin (85)
[2017.06.18-09.00.18:253][484]LogModuleManager: Shutting down and abandoning module SubversionSourceControl (84)
[2017.06.18-09.00.18:253][484]LogModuleManager: Shutting down and abandoning module SourceControl (83)
[2017.06.18-09.00.18:253][484]LogModuleManager: Shutting down and abandoning module PerforceSourceControl (82)
[2017.06.18-09.00.18:253][484]LogModuleManager: Shutting down and abandoning module UdpMessaging (81)
[2017.06.18-09.00.18:353][484]LogModuleManager: Shutting down and abandoning module LightPropagationVolumeRuntime (80)
[2017.06.18-09.00.18:353][484]LogModuleManager: Shutting down and abandoning module Paper2D (79)
[2017.06.18-09.00.18:353][484]LogModuleManager: Shutting down and abandoning module WindowsMoviePlayer (78)
[2017.06.18-09.00.18:353][484]LogModuleManager: Shutting down and abandoning module Media (77)
[2017.06.18-09.00.18:353][484]LogModuleManager: Shutting down and abandoning module WmfMedia (76)
[2017.06.18-09.00.18:353][484]LogModuleManager: Shutting down and abandoning module MediaAssets (75)
[2017.06.18-09.00.18:353][484]LogModuleManager: Shutting down and abandoning module GameLiveStreaming (74)
[2017.06.18-09.00.18:354][484]LogModuleManager: Shutting down and abandoning module GameplayTagsEditor (73)
[2017.06.18-09.00.18:354][484]LogModuleManager: Shutting down and abandoning module OnlineBlueprintSupport (72)
[2017.06.18-09.00.18:354][484]LogModuleManager: Shutting down and abandoning module VREditor (71)
[2017.06.18-09.00.18:354][484]LogModuleManager: Shutting down and abandoning module GameplayTasksEditor (70)
[2017.06.18-09.00.18:354][484]LogModuleManager: Shutting down and abandoning module PropertyEditor (69)
[2017.06.18-09.00.18:354][484]LogModuleManager: Shutting down and abandoning module BehaviorTreeEditor (68)
[2017.06.18-09.00.18:354][484]LogModuleManager: Shutting down and abandoning module FunctionalTesting (67)
[2017.06.18-09.00.18:354][484]LogModuleManager: Shutting down and abandoning module CollisionAnalyzer (66)
[2017.06.18-09.00.18:354][484]LogModuleManager: Shutting down and abandoning module Sequencer (65)
[2017.06.18-09.00.18:354][484]LogModuleManager: Shutting down and abandoning module WorkspaceMenuStructure (64)
[2017.06.18-09.00.18:354][484]LogModuleManager: Shutting down and abandoning module MessageLog (63)
[2017.06.18-09.00.18:354][484]LogModuleManager: Shutting down and abandoning module AssetTools (62)
[2017.06.18-09.00.18:354][484]LogModuleManager: Shutting down and abandoning module UMGEditor (61)
[2017.06.18-09.00.18:354][484]LogModuleManager: Shutting down and abandoning module UMG (60)
[2017.06.18-09.00.18:354][484]LogModuleManager: Shutting down and abandoning module SlateReflector (59)
[2017.06.18-09.00.18:354][484]LogModuleManager: Shutting down and abandoning module Slate (58)
[2017.06.18-09.00.18:354][484]LogModuleManager: Shutting down and abandoning module EditorStyle (57)
[2017.06.18-09.00.18:357][484]LogModuleManager: Shutting down and abandoning module Messaging (56)
[2017.06.18-09.00.18:357][484]LogModuleManager: Shutting down and abandoning module SourceCodeAccess (55)
[2017.06.18-09.00.18:357][484]LogModuleManager: Shutting down and abandoning module HeadMountedDisplay (54)
[2017.06.18-09.00.18:357][484]LogModuleManager: Shutting down and abandoning module XAudio2 (53)
[2017.06.18-09.00.18:357][484]LogModuleManager: Shutting down and abandoning module Networking (52)
[2017.06.18-09.00.18:357][484]LogModuleManager: Shutting down and abandoning module Core (51)
[2017.06.18-09.00.18:357][484]LogModuleManager: Shutting down and abandoning module KismetCompiler (50)
[2017.06.18-09.00.18:357][484]LogModuleManager: Shutting down and abandoning module PhysXFormats (49)
[2017.06.18-09.00.18:357][484]LogModuleManager: Shutting down and abandoning module MeshUtilities (48)
[2017.06.18-09.00.18:357][484]LogModuleManager: Shutting down and abandoning module AssetRegistry (47)
[2017.06.18-09.00.18:358][484]LogModuleManager: Shutting down and abandoning module DerivedDataCache (46)
[2017.06.18-09.00.18:480][484]LogDerivedDataCache: Shutdown
[2017.06.18-09.00.18:480][484]LogModuleManager: Shutting down and abandoning module VulkanShaderFormat (45)
[2017.06.18-09.00.18:480][484]LogModuleManager: Shutting down and abandoning module ShaderFormatOpenGL (44)
[2017.06.18-09.00.18:480][484]LogModuleManager: Shutting down and abandoning module ShaderFormatD3D (43)
[2017.06.18-09.00.18:480][484]LogModuleManager: Shutting down and abandoning module MetalShaderFormat (42)
[2017.06.18-09.00.18:480][484]LogModuleManager: Shutting down and abandoning module TextureFormatUncompressed (41)
[2017.06.18-09.00.18:480][484]LogModuleManager: Shutting down and abandoning module TextureFormatPVR (40)
[2017.06.18-09.00.18:480][484]LogModuleManager: Shutting down and abandoning module TextureFormatIntelISPCTexComp (39)
[2017.06.18-09.00.18:480][484]LogModuleManager: Shutting down and abandoning module TextureFormatDXT (38)
[2017.06.18-09.00.18:480][484]LogModuleManager: Shutting down and abandoning module ImageWrapper (37)
[2017.06.18-09.00.18:480][484]LogModuleManager: Shutting down and abandoning module TextureFormatASTC (36)
[2017.06.18-09.00.18:480][484]LogModuleManager: Shutting down and abandoning module TextureFormatAndroid (35)
[2017.06.18-09.00.18:480][484]LogModuleManager: Shutting down and abandoning module AudioFormatOpus (34)
[2017.06.18-09.00.18:480][484]LogModuleManager: Shutting down and abandoning module AudioFormatOgg (33)
[2017.06.18-09.00.18:480][484]LogModuleManager: Shutting down and abandoning module AudioFormatADPCM (32)
[2017.06.18-09.00.18:480][484]LogModuleManager: Shutting down and abandoning module WindowsTargetPlatform (31)
[2017.06.18-09.00.18:480][484]LogModuleManager: Shutting down and abandoning module WindowsServerTargetPlatform (30)
[2017.06.18-09.00.18:480][484]LogModuleManager: Shutting down and abandoning module WindowsNoEditorTargetPlatform (29)
[2017.06.18-09.00.18:481][484]LogModuleManager: Shutting down and abandoning module WindowsClientTargetPlatform (28)
[2017.06.18-09.00.18:481][484]LogModuleManager: Shutting down and abandoning module TargetPlatform (27)
[2017.06.18-09.00.18:481][484]LogModuleManager: Shutting down and abandoning module InputCore (26)
[2017.06.18-09.00.18:481][484]LogModuleManager: Shutting down and abandoning module Settings (25)
[2017.06.18-09.00.18:481][484]LogModuleManager: Shutting down and abandoning module Voice (23)
[2017.06.18-09.00.18:481][484]LogModuleManager: Shutting down and abandoning module OnlineSubsystem (19)
[2017.06.18-09.00.18:481][484]LogOnline:Display: NULL: FOnlineSubsystemNull::Shutdown()
[2017.06.18-09.00.18:481][484]LogOnline:Display: Unloading online subsystem: STEAM
[2017.06.18-09.00.18:481][484]LogOnline:Display: Unloading online subsystem: NULL
[2017.06.18-09.00.18:481][484]LogModuleManager: Shutting down and abandoning module HTTP (18)
[2017.06.18-09.00.18:481][484]LogModuleManager: Shutting down and abandoning module XMPP (17)
[2017.06.18-09.00.18:481][484]LogModuleManager: Shutting down and abandoning module OculusRift (16)
[2017.06.18-09.00.18:481][484]LogModuleManager: Shutting down and abandoning module ExampleDeviceProfileSelector (15)
[2017.06.18-09.00.18:481][484]LogModuleManager: Shutting down and abandoning module TextureCompressor (14)
[2017.06.18-09.00.18:481][484]LogModuleManager: Shutting down and abandoning module ShaderCore (13)
[2017.06.18-09.00.18:481][484]LogModuleManager: Shutting down and abandoning module Landscape (12)
[2017.06.18-09.00.18:481][484]LogModuleManager: Shutting down and abandoning module SlateRHIRenderer (11)
[2017.06.18-09.00.18:483][484]LogModuleManager: Shutting down and abandoning module OpenGLDrv (10)
[2017.06.18-09.00.18:483][484]LogModuleManager: Shutting down and abandoning module D3D11RHI (9)
[2017.06.18-09.00.18:483][484]LogModuleManager: Shutting down and abandoning module AnimGraphRuntime (8)
[2017.06.18-09.00.18:483][484]LogModuleManager: Shutting down and abandoning module Renderer (7)
[2017.06.18-09.00.18:483][484]LogModuleManager: Shutting down and abandoning module Engine (6)
[2017.06.18-09.00.18:483][484]LogModuleManager: Shutting down and abandoning module CoreUObject (5)
[2017.06.18-09.00.18:483][484]LogModuleManager: Shutting down and abandoning module NetworkFile (4)
[2017.06.18-09.00.18:483][484]LogModuleManager: Shutting down and abandoning module StreamingFile (3)
[2017.06.18-09.00.18:483][484]LogModuleManager: Shutting down and abandoning module SandboxFile (2)
[2017.06.18-09.00.18:483][484]LogModuleManager: Shutting down and abandoning module PakFile (1)
[2017.06.18-09.00.18:485][484]LogExit: Exiting.
[2017.06.18-09.00.18:541][484]Log file closed, 06/18/17 18:00:18
